[INFO] 2020-12-15 20:29:39.473  com.elltor.greenlandsystem.AppRun.java - Starting AppRun on LAPTOP-GQ45MDEJ with PID 33680 (D:\ProjectWorkSpace\greenland-oa\greenland-system\target\classes started by Admin in D:\ProjectWorkSpace\greenland-oa)
[INFO] 2020-12-15 20:29:39.480  com.elltor.greenlandsystem.AppRun.java - The following profiles are active: dev
[INFO] 2020-12-15 20:29:41.247  org.springframework.context.support.PostProcessorRegistrationDelegate$BeanPostProcessorChecker.java - Bean 'org.springframework.transaction.annotation.ProxyTransactionManagementConfiguration' of type [org.springframework.transaction.annotation.ProxyTransactionManagementConfiguration$$EnhancerBySpringCGLIB$$b3a8a581] is not eligible for getting processed by all BeanPostProcessors (for example: not eligible for auto-proxying)
[INFO] 2020-12-15 20:29:41.581  org.springframework.boot.web.embedded.tomcat.TomcatWebServer.java - Tomcat initialized with port(s): 8000 (http)
[INFO] 2020-12-15 20:29:41.591  org.apache.coyote.http11.Http11NioProtocol.java - Initializing ProtocolHandler ["http-nio-8000"]
[INFO] 2020-12-15 20:29:41.596  org.apache.catalina.core.StandardService.java - Starting service [Tomcat]
[INFO] 2020-12-15 20:29:41.597  org.apache.catalina.core.StandardEngine.java - Starting Servlet Engine: Apache Tomcat/9.0.12
[INFO] 2020-12-15 20:29:41.605  org.apache.catalina.core.AprLifecycleListener.java - The APR based Apache Tomcat Native library which allows optimal performance in production environments was not found on the java.library.path: [D:\JDK\jdk1.8.0_231\bin;C:\WINDOWS\Sun\Java\bin;C:\WINDOWS\system32;C:\WINDOWS;D:\ProgrameFile\xftp7\;D:\ProgrameFile\xshell7\;C:\Program Files (x86)\Common Files\Intel\Shared Libraries\redist\intel64\compiler;C:\Program Files (x86)\Intel\Intel(R) Management Engine Components\iCLS\;C:\Program Files\Intel\Intel(R) Management Engine Components\iCLS\;C:\Windows\system32;C:\Windows;C:\Windows\System32\Wbem;C:\Windows\System32\WindowsPowerShell\v1.0\;C:\Program Files (x86)\Intel\Intel(R) Management Engine Components\DAL;C:\Program Files\Intel\Intel(R) Management Engine Components\DAL;C:\Program Files (x86)\Intel\Intel(R) Management Engine Components\IPT;C:\Program Files\Intel\Intel(R) Management Engine Components\IPT;C:\Program Files (x86)\NVIDIA Corporation\PhysX\Common;D:\ProgrameFile\JavaJdk\bin;D:\ProgrameFile\MySQL\bin;C:\WINDOWS\system32;C:\WINDOWS;C:\WINDOWS\System32\Wbem;C:\WINDOWS\System32\WindowsPowerShell\v1.0\;C:\WINDOWS\System32\OpenSSH\;C:\Program Files\NVIDIA Corporation\NVIDIA NvDLISR;C:\Program Files (x86)\Calibre2\;C:\Program Files\Git\cmd;D:\node-v12.13.1-win-x64;C:\ProgramData\chocolatey\bin;D:\nodejs\;D:\nodejs\node_global;D:\ProgrameFile\apache-maven-3.5.2\bin;D:\ProgrameFile\Redis-x64-3.2.100;D:\ProgrameFile\MinGW_C\MinGW\bin;D:\ProgrameFile\MinGW_C\MinGW\include;E:\programfile\runtime\win64;E:\programfile\bin;E:\programfile\polyspace\bin;C:\Users\Admin\AppData\Local\Microsoft\WindowsApps;D:\ProgrameFile\MySQL\bin;C:\Users\Admin\AppData\Roaming\npm;C:\Users\Admin\AppData\Local\Microsoft\WindowsApps;;D:\ProgrameFile\DataGrip 2019.3.1\bin;;D:\ProgrameFile\Microsoft VS Code\bin;.]
[INFO] 2020-12-15 20:29:41.902  org.apache.jasper.servlet.TldScanner.java - At least one JAR was scanned for TLDs yet contained no TLDs. Enable debug logging for this logger for a complete list of JARs that were scanned but no TLDs were found in them. Skipping unneeded JARs during scanning can improve startup time and JSP compilation time.
[INFO] 2020-12-15 20:29:41.906  org.apache.catalina.core.ContainerBase.[Tomcat].[localhost].[/].java - Initializing Spring embedded WebApplicationContext
[INFO] 2020-12-15 20:29:41.906  org.springframework.web.context.ContextLoader.java - Root WebApplicationContext: initialization completed in 2293 ms
[INFO] 2020-12-15 20:29:41.953  org.springframework.boot.web.servlet.ServletRegistrationBean.java - Servlet dispatcherServlet mapped to [/]
[INFO] 2020-12-15 20:29:41.954  org.springframework.boot.web.servlet.ServletRegistrationBean.java - Servlet statViewServlet mapped to [/druid/*]
[INFO] 2020-12-15 20:29:41.957  org.springframework.boot.web.servlet.FilterRegistrationBean.java - Mapping filter: 'characterEncodingFilter' to: [/*]
[INFO] 2020-12-15 20:29:41.957  org.springframework.boot.web.servlet.FilterRegistrationBean.java - Mapping filter: 'hiddenHttpMethodFilter' to: [/*]
[INFO] 2020-12-15 20:29:41.957  org.springframework.boot.web.servlet.FilterRegistrationBean.java - Mapping filter: 'formContentFilter' to: [/*]
[INFO] 2020-12-15 20:29:41.957  org.springframework.boot.web.servlet.FilterRegistrationBean.java - Mapping filter: 'requestContextFilter' to: [/*]
[INFO] 2020-12-15 20:29:41.957  org.springframework.boot.web.servlet.FilterRegistrationBean.java - Mapping filter: 'webStatFilter' to urls: [/*]
[INFO] 2020-12-15 20:29:42.124  com.alibaba.druid.spring.boot.autoconfigure.DruidDataSourceAutoConfigure.java - Init DruidDataSource
[INFO] 2020-12-15 20:29:42.468  log4jdbc.log4j2.java - 1. Connection opened. {executed in 209ms} 
[INFO] 2020-12-15 20:29:42.469  log4jdbc.log4j2.java - 1. Connection.new Connection returned 
[INFO] 2020-12-15 20:29:42.470  log4jdbc.log4j2.java - 1. Connection.getAutoCommit() returned true
[INFO] 2020-12-15 20:29:42.471  log4jdbc.log4j2.java - 1. Connection.isClosed() returned false
[INFO] 2020-12-15 20:29:42.472  log4jdbc.log4j2.java - 1. Statement.new Statement returned 
[INFO] 2020-12-15 20:29:42.472  log4jdbc.log4j2.java - 1. Connection.createStatement() returned net.sf.log4jdbc.sql.jdbcapi.StatementSpy@6b0615ae
[INFO] 2020-12-15 20:29:42.474  log4jdbc.log4j2.java - 1. Connection.getAutoCommit() returned true
[INFO] 2020-12-15 20:29:42.478  log4jdbc.log4j2.java - 1. select 1  {executed in 2 ms}
[INFO] 2020-12-15 20:29:42.482  log4jdbc.log4j2.java - 1. ResultSet.new ResultSet returned 
[INFO] 2020-12-15 20:29:42.482  log4jdbc.log4j2.java - 1. Statement.executeQuery(select 1) returned net.sf.log4jdbc.sql.jdbcapi.ResultSetSpy@46cb98a3
[INFO] 2020-12-15 20:29:42.484  log4jdbc.log4j2.java - 1. ResultSet.next() returned true
[INFO] 2020-12-15 20:29:42.485  log4jdbc.log4j2.java - 
|--|
|1 |
|--|
|--|

[INFO] 2020-12-15 20:29:42.485  log4jdbc.log4j2.java - 1. ResultSet.close() returned void
[INFO] 2020-12-15 20:29:42.485  log4jdbc.log4j2.java - 1. Statement.close() returned 
[INFO] 2020-12-15 20:29:42.486  log4jdbc.log4j2.java - 1. Connection.getAutoCommit() returned true
[INFO] 2020-12-15 20:29:42.486  log4jdbc.log4j2.java - 1. Connection.getHoldability() returned 2
[INFO] 2020-12-15 20:29:42.487  log4jdbc.log4j2.java - 1. Connection.isReadOnly() returned false
[INFO] 2020-12-15 20:29:42.488  log4jdbc.log4j2.java - 1. Connection.getTransactionIsolation() returned 4
[INFO] 2020-12-15 20:29:42.495  log4jdbc.log4j2.java - 2. Connection opened. {executed in 6ms} 
[INFO] 2020-12-15 20:29:42.496  log4jdbc.log4j2.java - 2. Connection.new Connection returned 
[INFO] 2020-12-15 20:29:42.496  log4jdbc.log4j2.java - 2. Connection.getAutoCommit() returned true
[INFO] 2020-12-15 20:29:42.496  log4jdbc.log4j2.java - 2. Connection.isClosed() returned false
[INFO] 2020-12-15 20:29:42.496  log4jdbc.log4j2.java - 2. Statement.new Statement returned 
[INFO] 2020-12-15 20:29:42.496  log4jdbc.log4j2.java - 2. Connection.createStatement() returned net.sf.log4jdbc.sql.jdbcapi.StatementSpy@7bebcd65
[INFO] 2020-12-15 20:29:42.496  log4jdbc.log4j2.java - 2. Connection.getAutoCommit() returned true
[INFO] 2020-12-15 20:29:42.497  log4jdbc.log4j2.java - 2. select 1  {executed in 1 ms}
[INFO] 2020-12-15 20:29:42.497  log4jdbc.log4j2.java - 2. ResultSet.new ResultSet returned 
[INFO] 2020-12-15 20:29:42.498  log4jdbc.log4j2.java - 2. Statement.executeQuery(select 1) returned net.sf.log4jdbc.sql.jdbcapi.ResultSetSpy@47447ccf
[INFO] 2020-12-15 20:29:42.498  log4jdbc.log4j2.java - 2. ResultSet.next() returned true
[INFO] 2020-12-15 20:29:42.498  log4jdbc.log4j2.java - 
|--|
|1 |
|--|
|--|

[INFO] 2020-12-15 20:29:42.498  log4jdbc.log4j2.java - 2. ResultSet.close() returned void
[INFO] 2020-12-15 20:29:42.498  log4jdbc.log4j2.java - 2. Statement.close() returned 
[INFO] 2020-12-15 20:29:42.499  log4jdbc.log4j2.java - 2. Connection.getAutoCommit() returned true
[INFO] 2020-12-15 20:29:42.499  log4jdbc.log4j2.java - 2. Connection.getHoldability() returned 2
[INFO] 2020-12-15 20:29:42.500  log4jdbc.log4j2.java - 2. Connection.isReadOnly() returned false
[INFO] 2020-12-15 20:29:42.501  log4jdbc.log4j2.java - 2. Connection.getTransactionIsolation() returned 4
[INFO] 2020-12-15 20:29:42.507  log4jdbc.log4j2.java - 3. Connection opened. {executed in 6ms} 
[INFO] 2020-12-15 20:29:42.507  log4jdbc.log4j2.java - 3. Connection.new Connection returned 
[INFO] 2020-12-15 20:29:42.508  log4jdbc.log4j2.java - 3. Connection.getAutoCommit() returned true
[INFO] 2020-12-15 20:29:42.508  log4jdbc.log4j2.java - 3. Connection.isClosed() returned false
[INFO] 2020-12-15 20:29:42.508  log4jdbc.log4j2.java - 3. Statement.new Statement returned 
[INFO] 2020-12-15 20:29:42.508  log4jdbc.log4j2.java - 3. Connection.createStatement() returned net.sf.log4jdbc.sql.jdbcapi.StatementSpy@3e84111a
[INFO] 2020-12-15 20:29:42.508  log4jdbc.log4j2.java - 3. Connection.getAutoCommit() returned true
[INFO] 2020-12-15 20:29:42.509  log4jdbc.log4j2.java - 3. select 1  {executed in 1 ms}
[INFO] 2020-12-15 20:29:42.510  log4jdbc.log4j2.java - 3. ResultSet.new ResultSet returned 
[INFO] 2020-12-15 20:29:42.510  log4jdbc.log4j2.java - 3. Statement.executeQuery(select 1) returned net.sf.log4jdbc.sql.jdbcapi.ResultSetSpy@4b1a43d8
[INFO] 2020-12-15 20:29:42.510  log4jdbc.log4j2.java - 3. ResultSet.next() returned true
[INFO] 2020-12-15 20:29:42.510  log4jdbc.log4j2.java - 
|--|
|1 |
|--|
|--|

[INFO] 2020-12-15 20:29:42.511  log4jdbc.log4j2.java - 3. ResultSet.close() returned void
[INFO] 2020-12-15 20:29:42.511  log4jdbc.log4j2.java - 3. Statement.close() returned 
[INFO] 2020-12-15 20:29:42.511  log4jdbc.log4j2.java - 3. Connection.getAutoCommit() returned true
[INFO] 2020-12-15 20:29:42.511  log4jdbc.log4j2.java - 3. Connection.getHoldability() returned 2
[INFO] 2020-12-15 20:29:42.512  log4jdbc.log4j2.java - 3. Connection.isReadOnly() returned false
[INFO] 2020-12-15 20:29:42.513  log4jdbc.log4j2.java - 3. Connection.getTransactionIsolation() returned 4
[INFO] 2020-12-15 20:29:42.519  log4jdbc.log4j2.java - 4. Connection opened. {executed in 6ms} 
[INFO] 2020-12-15 20:29:42.519  log4jdbc.log4j2.java - 4. Connection.new Connection returned 
[INFO] 2020-12-15 20:29:42.519  log4jdbc.log4j2.java - 4. Connection.getAutoCommit() returned true
[INFO] 2020-12-15 20:29:42.519  log4jdbc.log4j2.java - 4. Connection.isClosed() returned false
[INFO] 2020-12-15 20:29:42.519  log4jdbc.log4j2.java - 4. Statement.new Statement returned 
[INFO] 2020-12-15 20:29:42.519  log4jdbc.log4j2.java - 4. Connection.createStatement() returned net.sf.log4jdbc.sql.jdbcapi.StatementSpy@7ea899a9
[INFO] 2020-12-15 20:29:42.520  log4jdbc.log4j2.java - 4. Connection.getAutoCommit() returned true
[INFO] 2020-12-15 20:29:42.520  log4jdbc.log4j2.java - 4. select 1  {executed in 0 ms}
[INFO] 2020-12-15 20:29:42.521  log4jdbc.log4j2.java - 4. ResultSet.new ResultSet returned 
[INFO] 2020-12-15 20:29:42.521  log4jdbc.log4j2.java - 4. Statement.executeQuery(select 1) returned net.sf.log4jdbc.sql.jdbcapi.ResultSetSpy@2776015d
[INFO] 2020-12-15 20:29:42.521  log4jdbc.log4j2.java - 4. ResultSet.next() returned true
[INFO] 2020-12-15 20:29:42.521  log4jdbc.log4j2.java - 
|--|
|1 |
|--|
|--|

[INFO] 2020-12-15 20:29:42.522  log4jdbc.log4j2.java - 4. ResultSet.close() returned void
[INFO] 2020-12-15 20:29:42.522  log4jdbc.log4j2.java - 4. Statement.close() returned 
[INFO] 2020-12-15 20:29:42.522  log4jdbc.log4j2.java - 4. Connection.getAutoCommit() returned true
[INFO] 2020-12-15 20:29:42.522  log4jdbc.log4j2.java - 4. Connection.getHoldability() returned 2
[INFO] 2020-12-15 20:29:42.523  log4jdbc.log4j2.java - 4. Connection.isReadOnly() returned false
[INFO] 2020-12-15 20:29:42.524  log4jdbc.log4j2.java - 4. Connection.getTransactionIsolation() returned 4
[INFO] 2020-12-15 20:29:42.530  log4jdbc.log4j2.java - 5. Connection opened. {executed in 6ms} 
[INFO] 2020-12-15 20:29:42.530  log4jdbc.log4j2.java - 5. Connection.new Connection returned 
[INFO] 2020-12-15 20:29:42.530  log4jdbc.log4j2.java - 5. Connection.getAutoCommit() returned true
[INFO] 2020-12-15 20:29:42.531  log4jdbc.log4j2.java - 5. Connection.isClosed() returned false
[INFO] 2020-12-15 20:29:42.531  log4jdbc.log4j2.java - 5. Statement.new Statement returned 
[INFO] 2020-12-15 20:29:42.531  log4jdbc.log4j2.java - 5. Connection.createStatement() returned net.sf.log4jdbc.sql.jdbcapi.StatementSpy@756b58a7
[INFO] 2020-12-15 20:29:42.531  log4jdbc.log4j2.java - 5. Connection.getAutoCommit() returned true
[INFO] 2020-12-15 20:29:42.531  log4jdbc.log4j2.java - 5. select 1  {executed in 0 ms}
[INFO] 2020-12-15 20:29:42.532  log4jdbc.log4j2.java - 5. ResultSet.new ResultSet returned 
[INFO] 2020-12-15 20:29:42.532  log4jdbc.log4j2.java - 5. Statement.executeQuery(select 1) returned net.sf.log4jdbc.sql.jdbcapi.ResultSetSpy@2cc04358
[INFO] 2020-12-15 20:29:42.532  log4jdbc.log4j2.java - 5. ResultSet.next() returned true
[INFO] 2020-12-15 20:29:42.532  log4jdbc.log4j2.java - 
|--|
|1 |
|--|
|--|

[INFO] 2020-12-15 20:29:42.532  log4jdbc.log4j2.java - 5. ResultSet.close() returned void
[INFO] 2020-12-15 20:29:42.532  log4jdbc.log4j2.java - 5. Statement.close() returned 
[INFO] 2020-12-15 20:29:42.532  log4jdbc.log4j2.java - 5. Connection.getAutoCommit() returned true
[INFO] 2020-12-15 20:29:42.532  log4jdbc.log4j2.java - 5. Connection.getHoldability() returned 2
[INFO] 2020-12-15 20:29:42.533  log4jdbc.log4j2.java - 5. Connection.isReadOnly() returned false
[INFO] 2020-12-15 20:29:42.534  log4jdbc.log4j2.java - 5. Connection.getTransactionIsolation() returned 4
[INFO] 2020-12-15 20:29:42.536  com.alibaba.druid.pool.DruidDataSource.java - {dataSource-1} inited
[INFO] 2020-12-15 20:29:44.250  org.springframework.scheduling.concurrent.ThreadPoolTaskExecutor.java - Initializing ExecutorService 'applicationTaskExecutor'
[INFO] 2020-12-15 20:29:44.717  org.apache.coyote.http11.Http11NioProtocol.java - Starting ProtocolHandler ["http-nio-8000"]
[INFO] 2020-12-15 20:29:44.726  org.apache.tomcat.util.net.NioSelectorPool.java - Using a shared selector for servlet write/read
[INFO] 2020-12-15 20:29:44.748  org.springframework.boot.web.embedded.tomcat.TomcatWebServer.java - Tomcat started on port(s): 8000 (http) with context path ''
[INFO] 2020-12-15 20:29:44.750  com.elltor.greenlandsystem.AppRun.java - Started AppRun in 5.882 seconds (JVM running for 7.389)
[INFO] 2020-12-15 20:29:47.358  org.apache.catalina.core.ContainerBase.[Tomcat].[localhost].[/].java - Initializing Spring DispatcherServlet 'dispatcherServlet'
[INFO] 2020-12-15 20:29:47.358  org.springframework.web.servlet.DispatcherServlet.java - Initializing Servlet 'dispatcherServlet'
[INFO] 2020-12-15 20:29:47.381  org.springframework.web.servlet.DispatcherServlet.java - Completed initialization in 22 ms
