[INFO] 2020-12-14 21:02:29.080  com.elltor.greenlandsystem.AppRun.java - Starting AppRun on LAPTOP-GQ45MDEJ with PID 25236 (D:\ProjectWorkSpace\greenland-oa\greenland-system\target\classes started by Admin in D:\ProjectWorkSpace\greenland-oa)
[INFO] 2020-12-14 21:02:29.092  com.elltor.greenlandsystem.AppRun.java - The following profiles are active: dev
[WARN] 2020-12-14 21:02:30.146  org.mybatis.spring.mapper.ClassPathMapperScanner.java - No MyBatis mapper was found in '[com.elltor.greenlandsystem]' package. Please check your configuration.
[INFO] 2020-12-14 21:02:30.332  org.springframework.context.support.PostProcessorRegistrationDelegate$BeanPostProcessorChecker.java - Bean 'org.springframework.transaction.annotation.ProxyTransactionManagementConfiguration' of type [org.springframework.transaction.annotation.ProxyTransactionManagementConfiguration$$EnhancerBySpringCGLIB$$52eda8e7] is not eligible for getting processed by all BeanPostProcessors (for example: not eligible for auto-proxying)
[INFO] 2020-12-14 21:02:30.610  org.springframework.boot.web.embedded.tomcat.TomcatWebServer.java - Tomcat initialized with port(s): 8000 (http)
[INFO] 2020-12-14 21:02:30.621  org.apache.coyote.http11.Http11NioProtocol.java - Initializing ProtocolHandler ["http-nio-8000"]
[INFO] 2020-12-14 21:02:30.626  org.apache.catalina.core.StandardService.java - Starting service [Tomcat]
[INFO] 2020-12-14 21:02:30.626  org.apache.catalina.core.StandardEngine.java - Starting Servlet Engine: Apache Tomcat/9.0.12
[INFO] 2020-12-14 21:02:30.632  org.apache.catalina.core.AprLifecycleListener.java - The APR based Apache Tomcat Native library which allows optimal performance in production environments was not found on the java.library.path: [D:\JDK\jdk1.8.0_231\bin;C:\WINDOWS\Sun\Java\bin;C:\WINDOWS\system32;C:\WINDOWS;D:\ProgrameFile\xftp7\;D:\ProgrameFile\xshell7\;C:\Program Files (x86)\Common Files\Intel\Shared Libraries\redist\intel64\compiler;C:\Program Files (x86)\Intel\Intel(R) Management Engine Components\iCLS\;C:\Program Files\Intel\Intel(R) Management Engine Components\iCLS\;C:\Windows\system32;C:\Windows;C:\Windows\System32\Wbem;C:\Windows\System32\WindowsPowerShell\v1.0\;C:\Program Files (x86)\Intel\Intel(R) Management Engine Components\DAL;C:\Program Files\Intel\Intel(R) Management Engine Components\DAL;C:\Program Files (x86)\Intel\Intel(R) Management Engine Components\IPT;C:\Program Files\Intel\Intel(R) Management Engine Components\IPT;C:\Program Files (x86)\NVIDIA Corporation\PhysX\Common;D:\ProgrameFile\JavaJdk\bin;D:\ProgrameFile\MySQL\bin;C:\WINDOWS\system32;C:\WINDOWS;C:\WINDOWS\System32\Wbem;C:\WINDOWS\System32\WindowsPowerShell\v1.0\;C:\WINDOWS\System32\OpenSSH\;C:\Program Files\NVIDIA Corporation\NVIDIA NvDLISR;C:\Program Files (x86)\Calibre2\;C:\Program Files\Git\cmd;D:\node-v12.13.1-win-x64;C:\ProgramData\chocolatey\bin;D:\nodejs\;D:\nodejs\node_global;D:\ProgrameFile\apache-maven-3.5.2\bin;D:\ProgrameFile\Redis-x64-3.2.100;D:\ProgrameFile\MinGW_C\MinGW\bin;D:\ProgrameFile\MinGW_C\MinGW\include;E:\programfile\runtime\win64;E:\programfile\bin;E:\programfile\polyspace\bin;C:\Users\Admin\AppData\Local\Microsoft\WindowsApps;D:\ProgrameFile\MySQL\bin;C:\Users\Admin\AppData\Roaming\npm;C:\Users\Admin\AppData\Local\Microsoft\WindowsApps;;D:\ProgrameFile\DataGrip 2019.3.1\bin;;D:\ProgrameFile\Microsoft VS Code\bin;.]
[INFO] 2020-12-14 21:02:30.898  org.apache.jasper.servlet.TldScanner.java - At least one JAR was scanned for TLDs yet contained no TLDs. Enable debug logging for this logger for a complete list of JARs that were scanned but no TLDs were found in them. Skipping unneeded JARs during scanning can improve startup time and JSP compilation time.
[INFO] 2020-12-14 21:02:30.902  org.apache.catalina.core.ContainerBase.[Tomcat].[localhost].[/].java - Initializing Spring embedded WebApplicationContext
[INFO] 2020-12-14 21:02:30.902  org.springframework.web.context.ContextLoader.java - Root WebApplicationContext: initialization completed in 1771 ms
[INFO] 2020-12-14 21:02:30.949  org.springframework.boot.web.servlet.FilterRegistrationBean.java - Mapping filter: 'characterEncodingFilter' to: [/*]
[INFO] 2020-12-14 21:02:30.950  org.springframework.boot.web.servlet.FilterRegistrationBean.java - Mapping filter: 'hiddenHttpMethodFilter' to: [/*]
[INFO] 2020-12-14 21:02:30.950  org.springframework.boot.web.servlet.FilterRegistrationBean.java - Mapping filter: 'formContentFilter' to: [/*]
[INFO] 2020-12-14 21:02:30.950  org.springframework.boot.web.servlet.FilterRegistrationBean.java - Mapping filter: 'requestContextFilter' to: [/*]
[INFO] 2020-12-14 21:02:30.951  org.springframework.boot.web.servlet.DelegatingFilterProxyRegistrationBean.java - Mapping filter: 'springSecurityFilterChain' to: [/*]
[INFO] 2020-12-14 21:02:30.951  org.springframework.boot.web.servlet.FilterRegistrationBean.java - Mapping filter: 'webStatFilter' to urls: [/*]
[INFO] 2020-12-14 21:02:30.951  org.springframework.boot.web.servlet.ServletRegistrationBean.java - Servlet dispatcherServlet mapped to [/]
[INFO] 2020-12-14 21:02:30.952  org.springframework.boot.web.servlet.ServletRegistrationBean.java - Servlet statViewServlet mapped to [/druid/*]
[WARN] 2020-12-14 21:02:31.002  org.springframework.boot.web.servlet.context.AnnotationConfigServletWebServerApplicationContext.java - Exception encountered during context initialization - cancelling refresh attempt: org.springframework.beans.factory.UnsatisfiedDependencyException: Error creating bean with name 'deptController' defined in file [D:\ProjectWorkSpace\greenland-oa\greenland-system\target\classes\com\elltor\greenlandsystem\modules\biz\controller\DeptController.class]: Unsatisfied dependency expressed through constructor parameter 0; nested exception is org.springframework.beans.factory.UnsatisfiedDependencyException: Error creating bean with name 'deptServiceImpl' defined in file [D:\ProjectWorkSpace\greenland-oa\greenland-system\target\classes\com\elltor\greenlandsystem\modules\biz\service\impl\DeptServiceImpl.class]: Unsatisfied dependency expressed through constructor parameter 0; nested exception is org.springframework.beans.factory.NoSuchBeanDefinitionException: No qualifying bean of type 'com.elltor.greenlandsystem.modules.biz.mapper.DeptMapper' available: expected at least 1 bean which qualifies as autowire candidate. Dependency annotations: {}
[INFO] 2020-12-14 21:02:31.007  org.apache.catalina.core.StandardService.java - Stopping service [Tomcat]
[INFO] 2020-12-14 21:02:31.086  org.springframework.boot.autoconfigure.logging.ConditionEvaluationReportLoggingListener.java - 

Error starting ApplicationContext. To display the conditions report re-run your application with 'debug' enabled.
[ERROR] 2020-12-14 21:02:31.491  org.springframework.boot.diagnostics.LoggingFailureAnalysisReporter.java - 

***************************
APPLICATION FAILED TO START
***************************

Description:

Parameter 0 of constructor in com.elltor.greenlandsystem.modules.biz.service.impl.DeptServiceImpl required a bean of type 'com.elltor.greenlandsystem.modules.biz.mapper.DeptMapper' that could not be found.


Action:

Consider defining a bean of type 'com.elltor.greenlandsystem.modules.biz.mapper.DeptMapper' in your configuration.

[INFO] 2020-12-14 21:06:01.444  com.elltor.greenlandsystem.AppRun.java - Starting AppRun on LAPTOP-GQ45MDEJ with PID 33552 (D:\ProjectWorkSpace\greenland-oa\greenland-system\target\classes started by Admin in D:\ProjectWorkSpace\greenland-oa)
[INFO] 2020-12-14 21:06:01.486  com.elltor.greenlandsystem.AppRun.java - The following profiles are active: dev
[INFO] 2020-12-14 21:06:03.094  org.springframework.context.support.PostProcessorRegistrationDelegate$BeanPostProcessorChecker.java - Bean 'org.springframework.transaction.annotation.ProxyTransactionManagementConfiguration' of type [org.springframework.transaction.annotation.ProxyTransactionManagementConfiguration$$EnhancerBySpringCGLIB$$817b7051] is not eligible for getting processed by all BeanPostProcessors (for example: not eligible for auto-proxying)
[INFO] 2020-12-14 21:06:03.416  org.springframework.boot.web.embedded.tomcat.TomcatWebServer.java - Tomcat initialized with port(s): 8000 (http)
[INFO] 2020-12-14 21:06:03.437  org.apache.coyote.http11.Http11NioProtocol.java - Initializing ProtocolHandler ["http-nio-8000"]
[INFO] 2020-12-14 21:06:03.446  org.apache.catalina.core.StandardService.java - Starting service [Tomcat]
[INFO] 2020-12-14 21:06:03.447  org.apache.catalina.core.StandardEngine.java - Starting Servlet Engine: Apache Tomcat/9.0.12
[INFO] 2020-12-14 21:06:03.459  org.apache.catalina.core.AprLifecycleListener.java - The APR based Apache Tomcat Native library which allows optimal performance in production environments was not found on the java.library.path: [D:\JDK\jdk1.8.0_231\bin;C:\WINDOWS\Sun\Java\bin;C:\WINDOWS\system32;C:\WINDOWS;D:\ProgrameFile\xftp7\;D:\ProgrameFile\xshell7\;C:\Program Files (x86)\Common Files\Intel\Shared Libraries\redist\intel64\compiler;C:\Program Files (x86)\Intel\Intel(R) Management Engine Components\iCLS\;C:\Program Files\Intel\Intel(R) Management Engine Components\iCLS\;C:\Windows\system32;C:\Windows;C:\Windows\System32\Wbem;C:\Windows\System32\WindowsPowerShell\v1.0\;C:\Program Files (x86)\Intel\Intel(R) Management Engine Components\DAL;C:\Program Files\Intel\Intel(R) Management Engine Components\DAL;C:\Program Files (x86)\Intel\Intel(R) Management Engine Components\IPT;C:\Program Files\Intel\Intel(R) Management Engine Components\IPT;C:\Program Files (x86)\NVIDIA Corporation\PhysX\Common;D:\ProgrameFile\JavaJdk\bin;D:\ProgrameFile\MySQL\bin;C:\WINDOWS\system32;C:\WINDOWS;C:\WINDOWS\System32\Wbem;C:\WINDOWS\System32\WindowsPowerShell\v1.0\;C:\WINDOWS\System32\OpenSSH\;C:\Program Files\NVIDIA Corporation\NVIDIA NvDLISR;C:\Program Files (x86)\Calibre2\;C:\Program Files\Git\cmd;D:\node-v12.13.1-win-x64;C:\ProgramData\chocolatey\bin;D:\nodejs\;D:\nodejs\node_global;D:\ProgrameFile\apache-maven-3.5.2\bin;D:\ProgrameFile\Redis-x64-3.2.100;D:\ProgrameFile\MinGW_C\MinGW\bin;D:\ProgrameFile\MinGW_C\MinGW\include;E:\programfile\runtime\win64;E:\programfile\bin;E:\programfile\polyspace\bin;C:\Users\Admin\AppData\Local\Microsoft\WindowsApps;D:\ProgrameFile\MySQL\bin;C:\Users\Admin\AppData\Roaming\npm;C:\Users\Admin\AppData\Local\Microsoft\WindowsApps;;D:\ProgrameFile\DataGrip 2019.3.1\bin;;D:\ProgrameFile\Microsoft VS Code\bin;.]
[INFO] 2020-12-14 21:06:03.839  org.apache.jasper.servlet.TldScanner.java - At least one JAR was scanned for TLDs yet contained no TLDs. Enable debug logging for this logger for a complete list of JARs that were scanned but no TLDs were found in them. Skipping unneeded JARs during scanning can improve startup time and JSP compilation time.
[INFO] 2020-12-14 21:06:03.843  org.apache.catalina.core.ContainerBase.[Tomcat].[localhost].[/].java - Initializing Spring embedded WebApplicationContext
[INFO] 2020-12-14 21:06:03.844  org.springframework.web.context.ContextLoader.java - Root WebApplicationContext: initialization completed in 2298 ms
[INFO] 2020-12-14 21:06:03.895  org.springframework.boot.web.servlet.FilterRegistrationBean.java - Mapping filter: 'characterEncodingFilter' to: [/*]
[INFO] 2020-12-14 21:06:03.895  org.springframework.boot.web.servlet.FilterRegistrationBean.java - Mapping filter: 'hiddenHttpMethodFilter' to: [/*]
[INFO] 2020-12-14 21:06:03.896  org.springframework.boot.web.servlet.FilterRegistrationBean.java - Mapping filter: 'formContentFilter' to: [/*]
[INFO] 2020-12-14 21:06:03.896  org.springframework.boot.web.servlet.FilterRegistrationBean.java - Mapping filter: 'requestContextFilter' to: [/*]
[INFO] 2020-12-14 21:06:03.896  org.springframework.boot.web.servlet.DelegatingFilterProxyRegistrationBean.java - Mapping filter: 'springSecurityFilterChain' to: [/*]
[INFO] 2020-12-14 21:06:03.897  org.springframework.boot.web.servlet.FilterRegistrationBean.java - Mapping filter: 'webStatFilter' to urls: [/*]
[INFO] 2020-12-14 21:06:03.897  org.springframework.boot.web.servlet.ServletRegistrationBean.java - Servlet dispatcherServlet mapped to [/]
[INFO] 2020-12-14 21:06:03.898  org.springframework.boot.web.servlet.ServletRegistrationBean.java - Servlet statViewServlet mapped to [/druid/*]
[INFO] 2020-12-14 21:06:04.085  com.alibaba.druid.spring.boot.autoconfigure.DruidDataSourceAutoConfigure.java - Init DruidDataSource
[INFO] 2020-12-14 21:06:04.390  log4jdbc.log4j2.java - 1. Connection opened. {executed in 170ms} 
[INFO] 2020-12-14 21:06:04.391  log4jdbc.log4j2.java - 1. Connection.new Connection returned 
[INFO] 2020-12-14 21:06:04.394  log4jdbc.log4j2.java - 1. Connection.getAutoCommit() returned true
[INFO] 2020-12-14 21:06:04.395  log4jdbc.log4j2.java - 1. Connection.isClosed() returned false
[INFO] 2020-12-14 21:06:04.397  log4jdbc.log4j2.java - 1. Statement.new Statement returned 
[INFO] 2020-12-14 21:06:04.397  log4jdbc.log4j2.java - 1. Connection.createStatement() returned net.sf.log4jdbc.sql.jdbcapi.StatementSpy@27b2faa6
[INFO] 2020-12-14 21:06:04.401  log4jdbc.log4j2.java - 1. Connection.getAutoCommit() returned true
[INFO] 2020-12-14 21:06:04.409  log4jdbc.log4j2.java - 1. select 1  {executed in 2 ms}
[INFO] 2020-12-14 21:06:04.414  log4jdbc.log4j2.java - 1. ResultSet.new ResultSet returned 
[INFO] 2020-12-14 21:06:04.414  log4jdbc.log4j2.java - 1. Statement.executeQuery(select 1) returned net.sf.log4jdbc.sql.jdbcapi.ResultSetSpy@5cb5bb88
[INFO] 2020-12-14 21:06:04.420  log4jdbc.log4j2.java - 1. ResultSet.next() returned true
[INFO] 2020-12-14 21:06:04.422  log4jdbc.log4j2.java - 
|--|
|1 |
|--|
|--|

[INFO] 2020-12-14 21:06:04.422  log4jdbc.log4j2.java - 1. ResultSet.close() returned void
[INFO] 2020-12-14 21:06:04.423  log4jdbc.log4j2.java - 1. Statement.close() returned 
[INFO] 2020-12-14 21:06:04.424  log4jdbc.log4j2.java - 1. Connection.getAutoCommit() returned true
[INFO] 2020-12-14 21:06:04.425  log4jdbc.log4j2.java - 1. Connection.getHoldability() returned 2
[INFO] 2020-12-14 21:06:04.427  log4jdbc.log4j2.java - 1. Connection.isReadOnly() returned false
[INFO] 2020-12-14 21:06:04.428  log4jdbc.log4j2.java - 1. Connection.getTransactionIsolation() returned 4
[INFO] 2020-12-14 21:06:04.455  log4jdbc.log4j2.java - 2. Connection opened. {executed in 26ms} 
[INFO] 2020-12-14 21:06:04.456  log4jdbc.log4j2.java - 2. Connection.new Connection returned 
[INFO] 2020-12-14 21:06:04.457  log4jdbc.log4j2.java - 2. Connection.getAutoCommit() returned true
[INFO] 2020-12-14 21:06:04.457  log4jdbc.log4j2.java - 2. Connection.isClosed() returned false
[INFO] 2020-12-14 21:06:04.457  log4jdbc.log4j2.java - 2. Statement.new Statement returned 
[INFO] 2020-12-14 21:06:04.458  log4jdbc.log4j2.java - 2. Connection.createStatement() returned net.sf.log4jdbc.sql.jdbcapi.StatementSpy@56f521c6
[INFO] 2020-12-14 21:06:04.458  log4jdbc.log4j2.java - 2. Connection.getAutoCommit() returned true
[INFO] 2020-12-14 21:06:04.460  log4jdbc.log4j2.java - 2. select 1  {executed in 1 ms}
[INFO] 2020-12-14 21:06:04.460  log4jdbc.log4j2.java - 2. ResultSet.new ResultSet returned 
[INFO] 2020-12-14 21:06:04.461  log4jdbc.log4j2.java - 2. Statement.executeQuery(select 1) returned net.sf.log4jdbc.sql.jdbcapi.ResultSetSpy@680a66dd
[INFO] 2020-12-14 21:06:04.461  log4jdbc.log4j2.java - 2. ResultSet.next() returned true
[INFO] 2020-12-14 21:06:04.461  log4jdbc.log4j2.java - 
|--|
|1 |
|--|
|--|

[INFO] 2020-12-14 21:06:04.461  log4jdbc.log4j2.java - 2. ResultSet.close() returned void
[INFO] 2020-12-14 21:06:04.461  log4jdbc.log4j2.java - 2. Statement.close() returned 
[INFO] 2020-12-14 21:06:04.462  log4jdbc.log4j2.java - 2. Connection.getAutoCommit() returned true
[INFO] 2020-12-14 21:06:04.462  log4jdbc.log4j2.java - 2. Connection.getHoldability() returned 2
[INFO] 2020-12-14 21:06:04.463  log4jdbc.log4j2.java - 2. Connection.isReadOnly() returned false
[INFO] 2020-12-14 21:06:04.464  log4jdbc.log4j2.java - 2. Connection.getTransactionIsolation() returned 4
[INFO] 2020-12-14 21:06:04.469  log4jdbc.log4j2.java - 3. Connection opened. {executed in 5ms} 
[INFO] 2020-12-14 21:06:04.469  log4jdbc.log4j2.java - 3. Connection.new Connection returned 
[INFO] 2020-12-14 21:06:04.469  log4jdbc.log4j2.java - 3. Connection.getAutoCommit() returned true
[INFO] 2020-12-14 21:06:04.470  log4jdbc.log4j2.java - 3. Connection.isClosed() returned false
[INFO] 2020-12-14 21:06:04.470  log4jdbc.log4j2.java - 3. Statement.new Statement returned 
[INFO] 2020-12-14 21:06:04.470  log4jdbc.log4j2.java - 3. Connection.createStatement() returned net.sf.log4jdbc.sql.jdbcapi.StatementSpy@39fa8ad2
[INFO] 2020-12-14 21:06:04.470  log4jdbc.log4j2.java - 3. Connection.getAutoCommit() returned true
[INFO] 2020-12-14 21:06:04.471  log4jdbc.log4j2.java - 3. select 1  {executed in 1 ms}
[INFO] 2020-12-14 21:06:04.471  log4jdbc.log4j2.java - 3. ResultSet.new ResultSet returned 
[INFO] 2020-12-14 21:06:04.471  log4jdbc.log4j2.java - 3. Statement.executeQuery(select 1) returned net.sf.log4jdbc.sql.jdbcapi.ResultSetSpy@76ddd61a
[INFO] 2020-12-14 21:06:04.471  log4jdbc.log4j2.java - 3. ResultSet.next() returned true
[INFO] 2020-12-14 21:06:04.472  log4jdbc.log4j2.java - 
|--|
|1 |
|--|
|--|

[INFO] 2020-12-14 21:06:04.472  log4jdbc.log4j2.java - 3. ResultSet.close() returned void
[INFO] 2020-12-14 21:06:04.472  log4jdbc.log4j2.java - 3. Statement.close() returned 
[INFO] 2020-12-14 21:06:04.472  log4jdbc.log4j2.java - 3. Connection.getAutoCommit() returned true
[INFO] 2020-12-14 21:06:04.472  log4jdbc.log4j2.java - 3. Connection.getHoldability() returned 2
[INFO] 2020-12-14 21:06:04.473  log4jdbc.log4j2.java - 3. Connection.isReadOnly() returned false
[INFO] 2020-12-14 21:06:04.474  log4jdbc.log4j2.java - 3. Connection.getTransactionIsolation() returned 4
[INFO] 2020-12-14 21:06:04.479  log4jdbc.log4j2.java - 4. Connection opened. {executed in 5ms} 
[INFO] 2020-12-14 21:06:04.479  log4jdbc.log4j2.java - 4. Connection.new Connection returned 
[INFO] 2020-12-14 21:06:04.479  log4jdbc.log4j2.java - 4. Connection.getAutoCommit() returned true
[INFO] 2020-12-14 21:06:04.479  log4jdbc.log4j2.java - 4. Connection.isClosed() returned false
[INFO] 2020-12-14 21:06:04.480  log4jdbc.log4j2.java - 4. Statement.new Statement returned 
[INFO] 2020-12-14 21:06:04.480  log4jdbc.log4j2.java - 4. Connection.createStatement() returned net.sf.log4jdbc.sql.jdbcapi.StatementSpy@6c302a1d
[INFO] 2020-12-14 21:06:04.480  log4jdbc.log4j2.java - 4. Connection.getAutoCommit() returned true
[INFO] 2020-12-14 21:06:04.481  log4jdbc.log4j2.java - 4. select 1  {executed in 1 ms}
[INFO] 2020-12-14 21:06:04.481  log4jdbc.log4j2.java - 4. ResultSet.new ResultSet returned 
[INFO] 2020-12-14 21:06:04.481  log4jdbc.log4j2.java - 4. Statement.executeQuery(select 1) returned net.sf.log4jdbc.sql.jdbcapi.ResultSetSpy@33a3c44a
[INFO] 2020-12-14 21:06:04.481  log4jdbc.log4j2.java - 4. ResultSet.next() returned true
[INFO] 2020-12-14 21:06:04.481  log4jdbc.log4j2.java - 
|--|
|1 |
|--|
|--|

[INFO] 2020-12-14 21:06:04.482  log4jdbc.log4j2.java - 4. ResultSet.close() returned void
[INFO] 2020-12-14 21:06:04.482  log4jdbc.log4j2.java - 4. Statement.close() returned 
[INFO] 2020-12-14 21:06:04.482  log4jdbc.log4j2.java - 4. Connection.getAutoCommit() returned true
[INFO] 2020-12-14 21:06:04.482  log4jdbc.log4j2.java - 4. Connection.getHoldability() returned 2
[INFO] 2020-12-14 21:06:04.483  log4jdbc.log4j2.java - 4. Connection.isReadOnly() returned false
[INFO] 2020-12-14 21:06:04.484  log4jdbc.log4j2.java - 4. Connection.getTransactionIsolation() returned 4
[INFO] 2020-12-14 21:06:04.491  log4jdbc.log4j2.java - 5. Connection opened. {executed in 6ms} 
[INFO] 2020-12-14 21:06:04.491  log4jdbc.log4j2.java - 5. Connection.new Connection returned 
[INFO] 2020-12-14 21:06:04.491  log4jdbc.log4j2.java - 5. Connection.getAutoCommit() returned true
[INFO] 2020-12-14 21:06:04.491  log4jdbc.log4j2.java - 5. Connection.isClosed() returned false
[INFO] 2020-12-14 21:06:04.491  log4jdbc.log4j2.java - 5. Statement.new Statement returned 
[INFO] 2020-12-14 21:06:04.491  log4jdbc.log4j2.java - 5. Connection.createStatement() returned net.sf.log4jdbc.sql.jdbcapi.StatementSpy@28501a4b
[INFO] 2020-12-14 21:06:04.491  log4jdbc.log4j2.java - 5. Connection.getAutoCommit() returned true
[INFO] 2020-12-14 21:06:04.492  log4jdbc.log4j2.java - 5. select 1  {executed in 1 ms}
[INFO] 2020-12-14 21:06:04.493  log4jdbc.log4j2.java - 5. ResultSet.new ResultSet returned 
[INFO] 2020-12-14 21:06:04.493  log4jdbc.log4j2.java - 5. Statement.executeQuery(select 1) returned net.sf.log4jdbc.sql.jdbcapi.ResultSetSpy@5b051a5c
[INFO] 2020-12-14 21:06:04.493  log4jdbc.log4j2.java - 5. ResultSet.next() returned true
[INFO] 2020-12-14 21:06:04.493  log4jdbc.log4j2.java - 
|--|
|1 |
|--|
|--|

[INFO] 2020-12-14 21:06:04.493  log4jdbc.log4j2.java - 5. ResultSet.close() returned void
[INFO] 2020-12-14 21:06:04.493  log4jdbc.log4j2.java - 5. Statement.close() returned 
[INFO] 2020-12-14 21:06:04.494  log4jdbc.log4j2.java - 5. Connection.getAutoCommit() returned true
[INFO] 2020-12-14 21:06:04.494  log4jdbc.log4j2.java - 5. Connection.getHoldability() returned 2
[INFO] 2020-12-14 21:06:04.495  log4jdbc.log4j2.java - 5. Connection.isReadOnly() returned false
[INFO] 2020-12-14 21:06:04.495  log4jdbc.log4j2.java - 5. Connection.getTransactionIsolation() returned 4
[INFO] 2020-12-14 21:06:04.497  com.alibaba.druid.pool.DruidDataSource.java - {dataSource-1} inited
[INFO] 2020-12-14 21:06:06.143  org.springframework.scheduling.concurrent.ThreadPoolTaskExecutor.java - Initializing ExecutorService 'applicationTaskExecutor'
[INFO] 2020-12-14 21:06:06.691  org.springframework.boot.autoconfigure.security.servlet.UserDetailsServiceAutoConfiguration.java - 

Using generated security password: 60ce85b7-c356-40db-99a9-839ab51e4dc3

[INFO] 2020-12-14 21:06:06.798  org.springframework.security.web.DefaultSecurityFilterChain.java - Creating filter chain: any request, [org.springframework.security.web.context.request.async.WebAsyncManagerIntegrationFilter@3728a578, org.springframework.security.web.context.SecurityContextPersistenceFilter@104dc1a2, org.springframework.security.web.header.HeaderWriterFilter@583fb274, org.springframework.security.web.csrf.CsrfFilter@e09f1b6, org.springframework.security.web.authentication.logout.LogoutFilter@2cd388f5, org.springframework.security.web.authentication.UsernamePasswordAuthenticationFilter@1de4285e, org.springframework.security.web.authentication.ui.DefaultLoginPageGeneratingFilter@6f5bd362, org.springframework.security.web.authentication.ui.DefaultLogoutPageGeneratingFilter@3e3cd6fe, org.springframework.security.web.authentication.www.BasicAuthenticationFilter@e91b4f4, org.springframework.security.web.savedrequest.RequestCacheAwareFilter@314a31b0, org.springframework.security.web.servletapi.SecurityContextHolderAwareRequestFilter@468173fa, org.springframework.security.web.authentication.AnonymousAuthenticationFilter@1de0641b, org.springframework.security.web.session.SessionManagementFilter@1989e8c6, org.springframework.security.web.access.ExceptionTranslationFilter@41ef1ea2, org.springframework.security.web.access.intercept.FilterSecurityInterceptor@3b2e5c0d]
[INFO] 2020-12-14 21:06:06.873  org.apache.coyote.http11.Http11NioProtocol.java - Starting ProtocolHandler ["http-nio-8000"]
[INFO] 2020-12-14 21:06:06.883  org.apache.tomcat.util.net.NioSelectorPool.java - Using a shared selector for servlet write/read
[INFO] 2020-12-14 21:06:06.907  org.springframework.boot.web.embedded.tomcat.TomcatWebServer.java - Tomcat started on port(s): 8000 (http) with context path ''
[INFO] 2020-12-14 21:06:06.910  com.elltor.greenlandsystem.AppRun.java - Started AppRun in 6.146 seconds (JVM running for 7.577)
[INFO] 2020-12-14 21:07:27.043  org.apache.catalina.core.ContainerBase.[Tomcat].[localhost].[/].java - Initializing Spring DispatcherServlet 'dispatcherServlet'
[INFO] 2020-12-14 21:07:27.043  org.springframework.web.servlet.DispatcherServlet.java - Initializing Servlet 'dispatcherServlet'
[INFO] 2020-12-14 21:07:27.064  org.springframework.web.servlet.DispatcherServlet.java - Completed initialization in 20 ms
