[INFO] 2020-12-19 08:53:21.193  com.elltor.greenlandsystem.AppRun.java - Starting AppRun on LAPTOP-GQ45MDEJ with PID 10192 (D:\ProjectWorkSpace\greenland-oa\greenland-system\target\classes started by Admin in D:\ProjectWorkSpace\greenland-oa\greenland-system)
[INFO] 2020-12-19 08:53:21.193  com.elltor.greenlandsystem.AppRun.java - The following profiles are active: dev
[INFO] 2020-12-19 08:53:22.443  org.springframework.context.support.PostProcessorRegistrationDelegate$BeanPostProcessorChecker.java - Bean 'org.springframework.transaction.annotation.ProxyTransactionManagementConfiguration' of type [org.springframework.transaction.annotation.ProxyTransactionManagementConfiguration$$EnhancerBySpringCGLIB$$d1a2e98f] is not eligible for getting processed by all BeanPostProcessors (for example: not eligible for auto-proxying)
[INFO] 2020-12-19 08:53:22.458  org.springframework.context.support.PostProcessorRegistrationDelegate$BeanPostProcessorChecker.java - Bean 'redisConfig' of type [com.elltor.greenlandcommon.config.RedisConfig$$EnhancerBySpringCGLIB$$b8474849] is not eligible for getting processed by all BeanPostProcessors (for example: not eligible for auto-proxying)
[INFO] 2020-12-19 08:53:22.755  org.springframework.boot.web.embedded.tomcat.TomcatWebServer.java - Tomcat initialized with port(s): 8000 (http)
[INFO] 2020-12-19 08:53:22.755  org.apache.coyote.http11.Http11NioProtocol.java - Initializing ProtocolHandler ["http-nio-8000"]
[INFO] 2020-12-19 08:53:22.771  org.apache.catalina.core.StandardService.java - Starting service [Tomcat]
[INFO] 2020-12-19 08:53:22.771  org.apache.catalina.core.StandardEngine.java - Starting Servlet Engine: Apache Tomcat/9.0.12
[INFO] 2020-12-19 08:53:22.771  org.apache.catalina.core.AprLifecycleListener.java - The APR based Apache Tomcat Native library which allows optimal performance in production environments was not found on the java.library.path: [D:\JDK\jdk1.8.0_231\bin;C:\WINDOWS\Sun\Java\bin;C:\WINDOWS\system32;C:\WINDOWS;D:\ProgrameFile\xftp7\;D:\ProgrameFile\xshell7\;C:\Program Files (x86)\Common Files\Intel\Shared Libraries\redist\intel64\compiler;C:\Program Files (x86)\Intel\Intel(R) Management Engine Components\iCLS\;C:\Program Files\Intel\Intel(R) Management Engine Components\iCLS\;C:\Windows\system32;C:\Windows;C:\Windows\System32\Wbem;C:\Windows\System32\WindowsPowerShell\v1.0\;C:\Program Files (x86)\Intel\Intel(R) Management Engine Components\DAL;C:\Program Files\Intel\Intel(R) Management Engine Components\DAL;C:\Program Files (x86)\Intel\Intel(R) Management Engine Components\IPT;C:\Program Files\Intel\Intel(R) Management Engine Components\IPT;C:\Program Files (x86)\NVIDIA Corporation\PhysX\Common;D:\ProgrameFile\JavaJdk\bin;D:\ProgrameFile\MySQL\bin;C:\WINDOWS\system32;C:\WINDOWS;C:\WINDOWS\System32\Wbem;C:\WINDOWS\System32\WindowsPowerShell\v1.0\;C:\WINDOWS\System32\OpenSSH\;C:\Program Files\NVIDIA Corporation\NVIDIA NvDLISR;C:\Program Files (x86)\Calibre2\;C:\Program Files\Git\cmd;D:\node-v12.13.1-win-x64;C:\ProgramData\chocolatey\bin;D:\nodejs\;D:\nodejs\node_global;D:\ProgrameFile\apache-maven-3.5.2\bin;D:\ProgrameFile\Redis-x64-3.2.100;D:\ProgrameFile\MinGW_C\MinGW\bin;D:\ProgrameFile\MinGW_C\MinGW\include;E:\programfile\runtime\win64;E:\programfile\bin;E:\programfile\polyspace\bin;C:\Users\Admin\AppData\Local\Microsoft\WindowsApps;C:\Users\Admin\AppData\Roaming\npm;C:\Users\Admin\AppData\Local\Microsoft\WindowsApps;D:\ProgrameFile\DataGrip 2019.3.1\bin;D:\ProgrameFile\Microsoft VS Code\bin;.]
[INFO] 2020-12-19 08:53:23.021  org.apache.jasper.servlet.TldScanner.java - At least one JAR was scanned for TLDs yet contained no TLDs. Enable debug logging for this logger for a complete list of JARs that were scanned but no TLDs were found in them. Skipping unneeded JARs during scanning can improve startup time and JSP compilation time.
[INFO] 2020-12-19 08:53:23.021  org.apache.catalina.core.ContainerBase.[Tomcat].[localhost].[/].java - Initializing Spring embedded WebApplicationContext
[INFO] 2020-12-19 08:53:23.021  org.springframework.web.context.ContextLoader.java - Root WebApplicationContext: initialization completed in 1781 ms
[INFO] 2020-12-19 08:53:23.083  org.springframework.boot.web.servlet.FilterRegistrationBean.java - Mapping filter: 'characterEncodingFilter' to: [/*]
[INFO] 2020-12-19 08:53:23.083  org.springframework.boot.web.servlet.FilterRegistrationBean.java - Mapping filter: 'hiddenHttpMethodFilter' to: [/*]
[INFO] 2020-12-19 08:53:23.083  org.springframework.boot.web.servlet.FilterRegistrationBean.java - Mapping filter: 'formContentFilter' to: [/*]
[INFO] 2020-12-19 08:53:23.083  org.springframework.boot.web.servlet.FilterRegistrationBean.java - Mapping filter: 'requestContextFilter' to: [/*]
[INFO] 2020-12-19 08:53:23.083  org.springframework.boot.web.servlet.DelegatingFilterProxyRegistrationBean.java - Mapping filter: 'springSecurityFilterChain' to: [/*]
[INFO] 2020-12-19 08:53:23.083  org.springframework.boot.web.servlet.FilterRegistrationBean.java - Mapping filter: 'webStatFilter' to urls: [/*]
[INFO] 2020-12-19 08:53:23.083  org.springframework.boot.web.servlet.FilterRegistrationBean.java - Mapping filter: 'corsFilter' to: [/*]
[INFO] 2020-12-19 08:53:23.083  org.springframework.boot.web.servlet.ServletRegistrationBean.java - Servlet dispatcherServlet mapped to [/]
[INFO] 2020-12-19 08:53:23.083  org.springframework.boot.web.servlet.ServletRegistrationBean.java - Servlet statViewServlet mapped to [/druid/*]
[INFO] 2020-12-19 08:53:23.192  com.alibaba.druid.spring.boot.autoconfigure.DruidDataSourceAutoConfigure.java - Init DruidDataSource
[INFO] 2020-12-19 08:53:23.757  log4jdbc.log4j2.java - 1. Connection opened. {executed in 424ms} 
[INFO] 2020-12-19 08:53:23.757  log4jdbc.log4j2.java - 1. Connection.new Connection returned 
[INFO] 2020-12-19 08:53:23.757  log4jdbc.log4j2.java - 1. Connection.getAutoCommit() returned true
[INFO] 2020-12-19 08:53:23.757  log4jdbc.log4j2.java - 1. Connection.isClosed() returned false
[INFO] 2020-12-19 08:53:23.757  log4jdbc.log4j2.java - 1. Statement.new Statement returned 
[INFO] 2020-12-19 08:53:23.757  log4jdbc.log4j2.java - 1. Connection.createStatement() returned net.sf.log4jdbc.sql.jdbcapi.StatementSpy@57ddd45b
[INFO] 2020-12-19 08:53:23.757  log4jdbc.log4j2.java - 1. Connection.getAutoCommit() returned true
[INFO] 2020-12-19 08:53:23.773  log4jdbc.log4j2.java - 1. select 1  {executed in 0 ms}
[INFO] 2020-12-19 08:53:23.773  log4jdbc.log4j2.java - 1. ResultSet.new ResultSet returned 
[INFO] 2020-12-19 08:53:23.773  log4jdbc.log4j2.java - 1. Statement.executeQuery(select 1) returned net.sf.log4jdbc.sql.jdbcapi.ResultSetSpy@52227eb2
[INFO] 2020-12-19 08:53:23.773  log4jdbc.log4j2.java - 1. ResultSet.next() returned true
[INFO] 2020-12-19 08:53:23.773  log4jdbc.log4j2.java - 
|--|
|1 |
|--|
|--|

[INFO] 2020-12-19 08:53:23.773  log4jdbc.log4j2.java - 1. ResultSet.close() returned void
[INFO] 2020-12-19 08:53:23.773  log4jdbc.log4j2.java - 1. Statement.close() returned 
[INFO] 2020-12-19 08:53:23.773  log4jdbc.log4j2.java - 1. Connection.getAutoCommit() returned true
[INFO] 2020-12-19 08:53:23.773  log4jdbc.log4j2.java - 1. Connection.getHoldability() returned 2
[INFO] 2020-12-19 08:53:23.773  log4jdbc.log4j2.java - 1. Connection.isReadOnly() returned false
[INFO] 2020-12-19 08:53:23.773  log4jdbc.log4j2.java - 1. Connection.getTransactionIsolation() returned 4
[INFO] 2020-12-19 08:53:23.788  log4jdbc.log4j2.java - 2. Connection opened. {executed in 15ms} 
[INFO] 2020-12-19 08:53:23.788  log4jdbc.log4j2.java - 2. Connection.new Connection returned 
[INFO] 2020-12-19 08:53:23.788  log4jdbc.log4j2.java - 2. Connection.getAutoCommit() returned true
[INFO] 2020-12-19 08:53:23.788  log4jdbc.log4j2.java - 2. Connection.isClosed() returned false
[INFO] 2020-12-19 08:53:23.788  log4jdbc.log4j2.java - 2. Statement.new Statement returned 
[INFO] 2020-12-19 08:53:23.788  log4jdbc.log4j2.java - 2. Connection.createStatement() returned net.sf.log4jdbc.sql.jdbcapi.StatementSpy@f2a1813
[INFO] 2020-12-19 08:53:23.788  log4jdbc.log4j2.java - 2. Connection.getAutoCommit() returned true
[INFO] 2020-12-19 08:53:23.788  log4jdbc.log4j2.java - 2. select 1  {executed in 0 ms}
[INFO] 2020-12-19 08:53:23.788  log4jdbc.log4j2.java - 2. ResultSet.new ResultSet returned 
[INFO] 2020-12-19 08:53:23.788  log4jdbc.log4j2.java - 2. Statement.executeQuery(select 1) returned net.sf.log4jdbc.sql.jdbcapi.ResultSetSpy@79f90a3a
[INFO] 2020-12-19 08:53:23.788  log4jdbc.log4j2.java - 2. ResultSet.next() returned true
[INFO] 2020-12-19 08:53:23.788  log4jdbc.log4j2.java - 
|--|
|1 |
|--|
|--|

[INFO] 2020-12-19 08:53:23.788  log4jdbc.log4j2.java - 2. ResultSet.close() returned void
[INFO] 2020-12-19 08:53:23.788  log4jdbc.log4j2.java - 2. Statement.close() returned 
[INFO] 2020-12-19 08:53:23.788  log4jdbc.log4j2.java - 2. Connection.getAutoCommit() returned true
[INFO] 2020-12-19 08:53:23.788  log4jdbc.log4j2.java - 2. Connection.getHoldability() returned 2
[INFO] 2020-12-19 08:53:23.788  log4jdbc.log4j2.java - 2. Connection.isReadOnly() returned false
[INFO] 2020-12-19 08:53:23.788  log4jdbc.log4j2.java - 2. Connection.getTransactionIsolation() returned 4
[INFO] 2020-12-19 08:53:23.788  log4jdbc.log4j2.java - 3. Connection opened. {executed in 0ms} 
[INFO] 2020-12-19 08:53:23.788  log4jdbc.log4j2.java - 3. Connection.new Connection returned 
[INFO] 2020-12-19 08:53:23.788  log4jdbc.log4j2.java - 3. Connection.getAutoCommit() returned true
[INFO] 2020-12-19 08:53:23.788  log4jdbc.log4j2.java - 3. Connection.isClosed() returned false
[INFO] 2020-12-19 08:53:23.788  log4jdbc.log4j2.java - 3. Statement.new Statement returned 
[INFO] 2020-12-19 08:53:23.788  log4jdbc.log4j2.java - 3. Connection.createStatement() returned net.sf.log4jdbc.sql.jdbcapi.StatementSpy@3b83459e
[INFO] 2020-12-19 08:53:23.788  log4jdbc.log4j2.java - 3. Connection.getAutoCommit() returned true
[INFO] 2020-12-19 08:53:23.788  log4jdbc.log4j2.java - 3. select 1  {executed in 0 ms}
[INFO] 2020-12-19 08:53:23.788  log4jdbc.log4j2.java - 3. ResultSet.new ResultSet returned 
[INFO] 2020-12-19 08:53:23.788  log4jdbc.log4j2.java - 3. Statement.executeQuery(select 1) returned net.sf.log4jdbc.sql.jdbcapi.ResultSetSpy@32118208
[INFO] 2020-12-19 08:53:23.788  log4jdbc.log4j2.java - 3. ResultSet.next() returned true
[INFO] 2020-12-19 08:53:23.788  log4jdbc.log4j2.java - 
|--|
|1 |
|--|
|--|

[INFO] 2020-12-19 08:53:23.788  log4jdbc.log4j2.java - 3. ResultSet.close() returned void
[INFO] 2020-12-19 08:53:23.788  log4jdbc.log4j2.java - 3. Statement.close() returned 
[INFO] 2020-12-19 08:53:23.788  log4jdbc.log4j2.java - 3. Connection.getAutoCommit() returned true
[INFO] 2020-12-19 08:53:23.788  log4jdbc.log4j2.java - 3. Connection.getHoldability() returned 2
[INFO] 2020-12-19 08:53:23.788  log4jdbc.log4j2.java - 3. Connection.isReadOnly() returned false
[INFO] 2020-12-19 08:53:23.788  log4jdbc.log4j2.java - 3. Connection.getTransactionIsolation() returned 4
[INFO] 2020-12-19 08:53:23.804  log4jdbc.log4j2.java - 4. Connection opened. {executed in 16ms} 
[INFO] 2020-12-19 08:53:23.804  log4jdbc.log4j2.java - 4. Connection.new Connection returned 
[INFO] 2020-12-19 08:53:23.804  log4jdbc.log4j2.java - 4. Connection.getAutoCommit() returned true
[INFO] 2020-12-19 08:53:23.804  log4jdbc.log4j2.java - 4. Connection.isClosed() returned false
[INFO] 2020-12-19 08:53:23.804  log4jdbc.log4j2.java - 4. Statement.new Statement returned 
[INFO] 2020-12-19 08:53:23.804  log4jdbc.log4j2.java - 4. Connection.createStatement() returned net.sf.log4jdbc.sql.jdbcapi.StatementSpy@416d56f2
[INFO] 2020-12-19 08:53:23.804  log4jdbc.log4j2.java - 4. Connection.getAutoCommit() returned true
[INFO] 2020-12-19 08:53:23.804  log4jdbc.log4j2.java - 4. select 1  {executed in 0 ms}
[INFO] 2020-12-19 08:53:23.804  log4jdbc.log4j2.java - 4. ResultSet.new ResultSet returned 
[INFO] 2020-12-19 08:53:23.804  log4jdbc.log4j2.java - 4. Statement.executeQuery(select 1) returned net.sf.log4jdbc.sql.jdbcapi.ResultSetSpy@6e31d989
[INFO] 2020-12-19 08:53:23.804  log4jdbc.log4j2.java - 4. ResultSet.next() returned true
[INFO] 2020-12-19 08:53:23.804  log4jdbc.log4j2.java - 
|--|
|1 |
|--|
|--|

[INFO] 2020-12-19 08:53:23.804  log4jdbc.log4j2.java - 4. ResultSet.close() returned void
[INFO] 2020-12-19 08:53:23.804  log4jdbc.log4j2.java - 4. Statement.close() returned 
[INFO] 2020-12-19 08:53:23.804  log4jdbc.log4j2.java - 4. Connection.getAutoCommit() returned true
[INFO] 2020-12-19 08:53:23.804  log4jdbc.log4j2.java - 4. Connection.getHoldability() returned 2
[INFO] 2020-12-19 08:53:23.804  log4jdbc.log4j2.java - 4. Connection.isReadOnly() returned false
[INFO] 2020-12-19 08:53:23.804  log4jdbc.log4j2.java - 4. Connection.getTransactionIsolation() returned 4
[INFO] 2020-12-19 08:53:23.804  log4jdbc.log4j2.java - 5. Connection opened. {executed in 0ms} 
[INFO] 2020-12-19 08:53:23.804  log4jdbc.log4j2.java - 5. Connection.new Connection returned 
[INFO] 2020-12-19 08:53:23.804  log4jdbc.log4j2.java - 5. Connection.getAutoCommit() returned true
[INFO] 2020-12-19 08:53:23.804  log4jdbc.log4j2.java - 5. Connection.isClosed() returned false
[INFO] 2020-12-19 08:53:23.804  log4jdbc.log4j2.java - 5. Statement.new Statement returned 
[INFO] 2020-12-19 08:53:23.804  log4jdbc.log4j2.java - 5. Connection.createStatement() returned net.sf.log4jdbc.sql.jdbcapi.StatementSpy@47c7a9e5
[INFO] 2020-12-19 08:53:23.804  log4jdbc.log4j2.java - 5. Connection.getAutoCommit() returned true
[INFO] 2020-12-19 08:53:23.804  log4jdbc.log4j2.java - 5. select 1  {executed in 0 ms}
[INFO] 2020-12-19 08:53:23.804  log4jdbc.log4j2.java - 5. ResultSet.new ResultSet returned 
[INFO] 2020-12-19 08:53:23.804  log4jdbc.log4j2.java - 5. Statement.executeQuery(select 1) returned net.sf.log4jdbc.sql.jdbcapi.ResultSetSpy@7951c3a2
[INFO] 2020-12-19 08:53:23.804  log4jdbc.log4j2.java - 5. ResultSet.next() returned true
[INFO] 2020-12-19 08:53:23.804  log4jdbc.log4j2.java - 
|--|
|1 |
|--|
|--|

[INFO] 2020-12-19 08:53:23.804  log4jdbc.log4j2.java - 5. ResultSet.close() returned void
[INFO] 2020-12-19 08:53:23.804  log4jdbc.log4j2.java - 5. Statement.close() returned 
[INFO] 2020-12-19 08:53:23.804  log4jdbc.log4j2.java - 5. Connection.getAutoCommit() returned true
[INFO] 2020-12-19 08:53:23.804  log4jdbc.log4j2.java - 5. Connection.getHoldability() returned 2
[INFO] 2020-12-19 08:53:23.804  log4jdbc.log4j2.java - 5. Connection.isReadOnly() returned false
[INFO] 2020-12-19 08:53:23.804  log4jdbc.log4j2.java - 5. Connection.getTransactionIsolation() returned 4
[INFO] 2020-12-19 08:53:23.820  com.alibaba.druid.pool.DruidDataSource.java - {dataSource-1} inited
[INFO] 2020-12-19 08:53:24.893  org.springframework.beans.factory.annotation.AutowiredAnnotationBeanPostProcessor.java - Autowired annotation is not supported on static fields: public static java.lang.String com.elltor.greenlandcommon.config.bean.RsaProperties.privateKey
[INFO] 2020-12-19 08:53:25.252  org.springframework.security.web.DefaultSecurityFilterChain.java - Creating filter chain: any request, [org.springframework.security.web.context.request.async.WebAsyncManagerIntegrationFilter@734ce281, org.springframework.security.web.context.SecurityContextPersistenceFilter@13516600, org.springframework.security.web.header.HeaderWriterFilter@35fa450f, org.springframework.security.web.authentication.logout.LogoutFilter@414b2df5, org.springframework.security.web.authentication.UsernamePasswordAuthenticationFilter@3e9beef2, org.springframework.security.web.savedrequest.RequestCacheAwareFilter@21002393, org.springframework.security.web.servletapi.SecurityContextHolderAwareRequestFilter@1537c744, org.springframework.security.web.authentication.AnonymousAuthenticationFilter@49b89425, org.springframework.security.web.session.SessionManagementFilter@9b3be1c, org.springframework.security.web.access.ExceptionTranslationFilter@c97721b, org.springframework.security.web.access.intercept.FilterSecurityInterceptor@4466cf5d]
[INFO] 2020-12-19 08:53:25.252  com.elltor.greenlandcommon.config.RedisConfig.java - 初始化 -> [Redis CacheErrorHandler]
[INFO] 2020-12-19 08:53:25.268  springfox.documentation.spring.web.PropertySourcedRequestMappingHandlerMapping.java - Mapped URL path [/v2/api-docs] onto method [public org.springframework.http.ResponseEntity<springfox.documentation.spring.web.json.Json> springfox.documentation.swagger2.web.Swagger2Controller.getDocumentation(java.lang.String,javax.servlet.http.HttpServletRequest)]
[INFO] 2020-12-19 08:53:25.424  org.springframework.scheduling.concurrent.ThreadPoolTaskExecutor.java - Initializing ExecutorService 'applicationTaskExecutor'
[INFO] 2020-12-19 08:53:25.534  org.springframework.boot.autoconfigure.web.servlet.WelcomePageHandlerMapping.java - Adding welcome page template: index
[INFO] 2020-12-19 08:53:25.721  springfox.documentation.spring.web.plugins.DocumentationPluginsBootstrapper.java - Context refreshed
[INFO] 2020-12-19 08:53:25.737  springfox.documentation.spring.web.plugins.DocumentationPluginsBootstrapper.java - Found 1 custom documentation plugin(s)
[INFO] 2020-12-19 08:53:25.768  springfox.documentation.spring.web.scanners.ApiListingReferenceScanner.java - Scanning for api listing references
[INFO] 2020-12-19 08:53:25.893  springfox.documentation.spring.web.readers.operation.CachingOperationNameGenerator.java - Generating unique operation named: loginUsingPOST_1
[INFO] 2020-12-19 08:53:25.909  org.apache.coyote.http11.Http11NioProtocol.java - Starting ProtocolHandler ["http-nio-8000"]
[INFO] 2020-12-19 08:53:25.909  org.apache.tomcat.util.net.NioSelectorPool.java - Using a shared selector for servlet write/read
[INFO] 2020-12-19 08:53:25.924  org.springframework.boot.web.embedded.tomcat.TomcatWebServer.java - Tomcat started on port(s): 8000 (http) with context path ''
[INFO] 2020-12-19 08:53:25.940  com.elltor.greenlandsystem.AppRun.java - Started AppRun in 5.263 seconds (JVM running for 6.135)
[INFO] 2020-12-19 08:53:51.224  org.apache.catalina.core.ContainerBase.[Tomcat].[localhost].[/].java - Initializing Spring DispatcherServlet 'dispatcherServlet'
[INFO] 2020-12-19 08:53:51.224  org.springframework.web.servlet.DispatcherServlet.java - Initializing Servlet 'dispatcherServlet'
[INFO] 2020-12-19 08:53:51.231  org.springframework.web.servlet.DispatcherServlet.java - Completed initialization in 7 ms
[INFO] 2020-12-19 08:53:54.960  log4jdbc.log4j2.java - 5. Connection.isClosed() returned false
[INFO] 2020-12-19 08:53:54.961  log4jdbc.log4j2.java - 5. Connection.getAutoCommit() returned true
[INFO] 2020-12-19 08:53:54.963  log4jdbc.log4j2.java - 5. Connection.getCatalog() returned prometion
[INFO] 2020-12-19 08:53:54.970  log4jdbc.log4j2.java - 5. PreparedStatement.new PreparedStatement returned 
[INFO] 2020-12-19 08:53:54.970  log4jdbc.log4j2.java - 5. Connection.prepareStatement(SELECT  eid,ename,esex,eage,telephone,hiredate,pnum,username,password,remark,dfk,pic  FROM employee 
 
 WHERE (username = ?)) returned net.sf.log4jdbc.sql.jdbcapi.PreparedStatementSpy@1327ad29
[INFO] 2020-12-19 08:53:54.974  log4jdbc.log4j2.java - 5. PreparedStatement.setString(1, "ssm") returned 
[INFO] 2020-12-19 08:53:54.974  log4jdbc.log4j2.java - 5. Connection.getAutoCommit() returned true
[INFO] 2020-12-19 08:53:54.975  log4jdbc.log4j2.java - 5. Connection.getAutoCommit() returned true
[INFO] 2020-12-19 08:53:54.987  log4jdbc.log4j2.java - 5. SELECT eid,ename,esex,eage,telephone,hiredate,pnum,username,password,remark,dfk,pic FROM employee 
WHERE (username = 'ssm')  {executed in 12 ms}
[INFO] 2020-12-19 08:53:54.987  log4jdbc.log4j2.java - 5. PreparedStatement.execute() returned true
[INFO] 2020-12-19 08:53:54.987  log4jdbc.log4j2.java - 5. ResultSet.new ResultSet returned 
[INFO] 2020-12-19 08:53:54.987  log4jdbc.log4j2.java - 5. PreparedStatement.getResultSet() returned net.sf.log4jdbc.sql.jdbcapi.ResultSetSpy@6d97512d
[INFO] 2020-12-19 08:53:54.990  log4jdbc.log4j2.java - 5. ResultSet.getMetaData() returned com.mysql.jdbc.ResultSetMetaData@762b26b - Field level information: 
	com.mysql.jdbc.Field@1401f00d[catalog=prometion,tableName=employee,originalTableName=employee,columnName=eid,originalColumnName=eid,mysqlType=3(FIELD_TYPE_LONG),flags= AUTO_INCREMENT PRIMARY_KEY, charsetIndex=63, charsetName=US-ASCII]
	com.mysql.jdbc.Field@413452f2[catalog=prometion,tableName=employee,originalTableName=employee,columnName=ename,originalColumnName=ename,mysqlType=253(FIELD_TYPE_VAR_STRING),flags=, charsetIndex=33, charsetName=utf8]
	com.mysql.jdbc.Field@ab6ff07[catalog=prometion,tableName=employee,originalTableName=employee,columnName=esex,originalColumnName=esex,mysqlType=253(FIELD_TYPE_VAR_STRING),flags=, charsetIndex=33, charsetName=utf8]
	com.mysql.jdbc.Field@18d5e5d0[catalog=prometion,tableName=employee,originalTableName=employee,columnName=eage,originalColumnName=eage,mysqlType=3(FIELD_TYPE_LONG),flags=, charsetIndex=63, charsetName=US-ASCII]
	com.mysql.jdbc.Field@34fef5f[catalog=prometion,tableName=employee,originalTableName=employee,columnName=telephone,originalColumnName=telephone,mysqlType=253(FIELD_TYPE_VAR_STRING),flags=, charsetIndex=33, charsetName=utf8]
	com.mysql.jdbc.Field@608f9e06[catalog=prometion,tableName=employee,originalTableName=employee,columnName=hiredate,originalColumnName=hiredate,mysqlType=10(FIELD_TYPE_DATE),flags= BINARY, charsetIndex=63, charsetName=US-ASCII]
	com.mysql.jdbc.Field@5d7c0bd7[catalog=prometion,tableName=employee,originalTableName=employee,columnName=pnum,originalColumnName=pnum,mysqlType=253(FIELD_TYPE_VAR_STRING),flags=, charsetIndex=33, charsetName=utf8]
	com.mysql.jdbc.Field@6ab09ecd[catalog=prometion,tableName=employee,originalTableName=employee,columnName=username,originalColumnName=username,mysqlType=253(FIELD_TYPE_VAR_STRING),flags=, charsetIndex=33, charsetName=utf8]
	com.mysql.jdbc.Field@1679b1d3[catalog=prometion,tableName=employee,originalTableName=employee,columnName=password,originalColumnName=password,mysqlType=253(FIELD_TYPE_VAR_STRING),flags=, charsetIndex=33, charsetName=utf8]
	com.mysql.jdbc.Field@a9a72b4[catalog=prometion,tableName=employee,originalTableName=employee,columnName=remark,originalColumnName=remark,mysqlType=253(FIELD_TYPE_VAR_STRING),flags=, charsetIndex=33, charsetName=utf8]
	com.mysql.jdbc.Field@3705e283[catalog=prometion,tableName=employee,originalTableName=employee,columnName=dfk,originalColumnName=dfk,mysqlType=3(FIELD_TYPE_LONG),flags= MULTI_KEY, charsetIndex=63, charsetName=US-ASCII]
	com.mysql.jdbc.Field@59ad4458[catalog=prometion,tableName=employee,originalTableName=employee,columnName=pic,originalColumnName=pic,mysqlType=253(FIELD_TYPE_VAR_STRING),flags=, charsetIndex=33, charsetName=utf8]
[INFO] 2020-12-19 08:53:54.993  log4jdbc.log4j2.java - 5. ResultSet.getType() returned 1003
[INFO] 2020-12-19 08:53:54.994  log4jdbc.log4j2.java - 5. ResultSet.next() returned true
[INFO] 2020-12-19 08:53:54.996  log4jdbc.log4j2.java - 5. ResultSet.getInt(eid) returned 1
[INFO] 2020-12-19 08:53:54.996  log4jdbc.log4j2.java - 5. ResultSet.getString(ename) returned 宋思明
[INFO] 2020-12-19 08:53:54.996  log4jdbc.log4j2.java - 5. ResultSet.getString(esex) returned 男
[INFO] 2020-12-19 08:53:54.996  log4jdbc.log4j2.java - 5. ResultSet.getInt(eage) returned 43
[INFO] 2020-12-19 08:53:54.996  log4jdbc.log4j2.java - 5. ResultSet.getString(telephone) returned 110
[INFO] 2020-12-19 08:53:54.997  log4jdbc.log4j2.java - 5. ResultSet.getObject(hiredate,class java.time.LocalDate) returned 2020-03-02
[INFO] 2020-12-19 08:53:54.997  log4jdbc.log4j2.java - 5. ResultSet.getString(pnum) returned 0011
[INFO] 2020-12-19 08:53:54.997  log4jdbc.log4j2.java - 5. ResultSet.getString(username) returned ssm
[INFO] 2020-12-19 08:53:54.997  log4jdbc.log4j2.java - 5. ResultSet.getString(password) returned $2a$10$2ssT/FMh7ajUO/pd48Xhi.LDo3pPBxkpZoOYfa1IuqhSOhvoWQz4m
[INFO] 2020-12-19 08:53:54.997  log4jdbc.log4j2.java - 5. ResultSet.getString(remark) returned 权利操纵者
[INFO] 2020-12-19 08:53:54.997  log4jdbc.log4j2.java - 5. ResultSet.getInt(dfk) returned 5
[INFO] 2020-12-19 08:53:54.997  log4jdbc.log4j2.java - 5. ResultSet.getString(pic) returned void
[INFO] 2020-12-19 08:53:54.998  log4jdbc.log4j2.java - 
|----|------|-----|-----|----------|---------|-----|---------|-------------------------------------------------------------|-------|----|----|
|eid |ename |esex |eage |telephone |hiredate |pnum |username |password                                                     |remark |dfk |pic |
|----|------|-----|-----|----------|---------|-----|---------|-------------------------------------------------------------|-------|----|----|
|1   |宋思明   |男    |43   |110       |[unread] |0011 |ssm      |$2a$10$2ssT/FMh7ajUO/pd48Xhi.LDo3pPBxkpZoOYfa1IuqhSOhvoWQz4m |权利操纵者  |5   |null|
|----|------|-----|-----|----------|---------|-----|---------|-------------------------------------------------------------|-------|----|----|

[INFO] 2020-12-19 08:53:54.998  log4jdbc.log4j2.java - 5. ResultSet.next() returned false
[INFO] 2020-12-19 08:53:54.998  log4jdbc.log4j2.java - 5. ResultSet.close() returned void
[INFO] 2020-12-19 08:53:54.998  log4jdbc.log4j2.java - 5. Connection.getMetaData() returned com.mysql.jdbc.JDBC4DatabaseMetaData@466fa572
[INFO] 2020-12-19 08:53:54.998  log4jdbc.log4j2.java - 5. PreparedStatement.getMoreResults() returned false
[INFO] 2020-12-19 08:53:54.998  log4jdbc.log4j2.java - 5. PreparedStatement.getUpdateCount() returned -1
[INFO] 2020-12-19 08:53:54.998  log4jdbc.log4j2.java - 5. PreparedStatement.close() returned 
[INFO] 2020-12-19 08:53:54.999  log4jdbc.log4j2.java - 5. Connection.clearWarnings() returned 
[INFO] 2020-12-19 08:53:54.999  log4jdbc.log4j2.java - 5. Connection.isClosed() returned false
[INFO] 2020-12-19 08:53:55.013  log4jdbc.log4j2.java - 5. Connection.isClosed() returned false
[INFO] 2020-12-19 08:53:55.013  log4jdbc.log4j2.java - 5. Connection.getAutoCommit() returned true
[INFO] 2020-12-19 08:53:55.013  log4jdbc.log4j2.java - 5. Connection.getCatalog() returned prometion
[INFO] 2020-12-19 08:53:55.014  log4jdbc.log4j2.java - 5. PreparedStatement.new PreparedStatement returned 
[INFO] 2020-12-19 08:53:55.014  log4jdbc.log4j2.java - 5. Connection.prepareStatement(SELECT  erid,role_fk,emp_fk,erdis  FROM emp_role 
 
 WHERE (emp_fk = ?)) returned net.sf.log4jdbc.sql.jdbcapi.PreparedStatementSpy@162a275e
[INFO] 2020-12-19 08:53:55.014  log4jdbc.log4j2.java - 5. PreparedStatement.setInt(1, 1) returned 
[INFO] 2020-12-19 08:53:55.014  log4jdbc.log4j2.java - 5. Connection.getAutoCommit() returned true
[INFO] 2020-12-19 08:53:55.015  log4jdbc.log4j2.java - 5. Connection.getAutoCommit() returned true
[INFO] 2020-12-19 08:53:55.017  log4jdbc.log4j2.java - 5. SELECT erid,role_fk,emp_fk,erdis FROM emp_role WHERE (emp_fk = 1)  {executed in 2 ms}
[INFO] 2020-12-19 08:53:55.017  log4jdbc.log4j2.java - 5. PreparedStatement.execute() returned true
[INFO] 2020-12-19 08:53:55.018  log4jdbc.log4j2.java - 5. ResultSet.new ResultSet returned 
[INFO] 2020-12-19 08:53:55.018  log4jdbc.log4j2.java - 5. PreparedStatement.getResultSet() returned net.sf.log4jdbc.sql.jdbcapi.ResultSetSpy@7f3b1fe7
[INFO] 2020-12-19 08:53:55.018  log4jdbc.log4j2.java - 5. ResultSet.getMetaData() returned com.mysql.jdbc.ResultSetMetaData@38ecc789 - Field level information: 
	com.mysql.jdbc.Field@91c1da1[catalog=prometion,tableName=emp_role,originalTableName=emp_role,columnName=erid,originalColumnName=erid,mysqlType=3(FIELD_TYPE_LONG),flags= AUTO_INCREMENT PRIMARY_KEY, charsetIndex=63, charsetName=US-ASCII]
	com.mysql.jdbc.Field@2185c24b[catalog=prometion,tableName=emp_role,originalTableName=emp_role,columnName=role_fk,originalColumnName=role_fk,mysqlType=3(FIELD_TYPE_LONG),flags= MULTI_KEY, charsetIndex=63, charsetName=US-ASCII]
	com.mysql.jdbc.Field@66635bb[catalog=prometion,tableName=emp_role,originalTableName=emp_role,columnName=emp_fk,originalColumnName=emp_fk,mysqlType=3(FIELD_TYPE_LONG),flags= MULTI_KEY, charsetIndex=63, charsetName=US-ASCII]
	com.mysql.jdbc.Field@58e87a71[catalog=prometion,tableName=emp_role,originalTableName=emp_role,columnName=erdis,originalColumnName=erdis,mysqlType=253(FIELD_TYPE_VAR_STRING),flags=, charsetIndex=33, charsetName=utf8]
[INFO] 2020-12-19 08:53:55.018  log4jdbc.log4j2.java - 5. ResultSet.getType() returned 1003
[INFO] 2020-12-19 08:53:55.018  log4jdbc.log4j2.java - 5. ResultSet.next() returned true
[INFO] 2020-12-19 08:53:55.018  log4jdbc.log4j2.java - 5. ResultSet.getInt(erid) returned 1
[INFO] 2020-12-19 08:53:55.018  log4jdbc.log4j2.java - 5. ResultSet.getInt(role_fk) returned 7
[INFO] 2020-12-19 08:53:55.018  log4jdbc.log4j2.java - 5. ResultSet.getInt(emp_fk) returned 1
[INFO] 2020-12-19 08:53:55.018  log4jdbc.log4j2.java - 5. ResultSet.getString(erdis) returned 大佬配置
[INFO] 2020-12-19 08:53:55.018  log4jdbc.log4j2.java - 
|-----|--------|-------|------|
|erid |role_fk |emp_fk |erdis |
|-----|--------|-------|------|
|1    |7       |1      |大佬配置  |
|-----|--------|-------|------|

[INFO] 2020-12-19 08:53:55.019  log4jdbc.log4j2.java - 5. ResultSet.next() returned false
[INFO] 2020-12-19 08:53:55.019  log4jdbc.log4j2.java - 5. ResultSet.close() returned void
[INFO] 2020-12-19 08:53:55.019  log4jdbc.log4j2.java - 5. Connection.getMetaData() returned com.mysql.jdbc.JDBC4DatabaseMetaData@3ee88e37
[INFO] 2020-12-19 08:53:55.019  log4jdbc.log4j2.java - 5. PreparedStatement.getMoreResults() returned false
[INFO] 2020-12-19 08:53:55.019  log4jdbc.log4j2.java - 5. PreparedStatement.getUpdateCount() returned -1
[INFO] 2020-12-19 08:53:55.019  log4jdbc.log4j2.java - 5. PreparedStatement.close() returned 
[INFO] 2020-12-19 08:53:55.019  log4jdbc.log4j2.java - 5. Connection.clearWarnings() returned 
[INFO] 2020-12-19 08:53:55.019  log4jdbc.log4j2.java - 5. Connection.isClosed() returned false
[INFO] 2020-12-19 08:53:55.022  log4jdbc.log4j2.java - 5. Connection.isClosed() returned false
[INFO] 2020-12-19 08:53:55.022  log4jdbc.log4j2.java - 5. Connection.getAutoCommit() returned true
[INFO] 2020-12-19 08:53:55.022  log4jdbc.log4j2.java - 5. Connection.getCatalog() returned prometion
[INFO] 2020-12-19 08:53:55.023  log4jdbc.log4j2.java - 5. PreparedStatement.new PreparedStatement returned 
[INFO] 2020-12-19 08:53:55.023  log4jdbc.log4j2.java - 5. Connection.prepareStatement(SELECT  roleid,rolename,roledis,status  FROM role 
 
 WHERE (roleid IN (?))) returned net.sf.log4jdbc.sql.jdbcapi.PreparedStatementSpy@74caf59b
[INFO] 2020-12-19 08:53:55.023  log4jdbc.log4j2.java - 5. PreparedStatement.setInt(1, 7) returned 
[INFO] 2020-12-19 08:53:55.023  log4jdbc.log4j2.java - 5. Connection.getAutoCommit() returned true
[INFO] 2020-12-19 08:53:55.023  log4jdbc.log4j2.java - 5. Connection.getAutoCommit() returned true
[INFO] 2020-12-19 08:53:55.028  log4jdbc.log4j2.java - 5. SELECT roleid,rolename,roledis,status FROM role WHERE (roleid IN (7))  {executed in 5 ms}
[INFO] 2020-12-19 08:53:55.028  log4jdbc.log4j2.java - 5. PreparedStatement.execute() returned true
[INFO] 2020-12-19 08:53:55.028  log4jdbc.log4j2.java - 5. ResultSet.new ResultSet returned 
[INFO] 2020-12-19 08:53:55.028  log4jdbc.log4j2.java - 5. PreparedStatement.getResultSet() returned net.sf.log4jdbc.sql.jdbcapi.ResultSetSpy@3a6c1c5f
[INFO] 2020-12-19 08:53:55.028  log4jdbc.log4j2.java - 5. ResultSet.getMetaData() returned com.mysql.jdbc.ResultSetMetaData@5e46ac8c - Field level information: 
	com.mysql.jdbc.Field@3dcbdddc[catalog=prometion,tableName=role,originalTableName=role,columnName=roleid,originalColumnName=roleid,mysqlType=3(FIELD_TYPE_LONG),flags= AUTO_INCREMENT PRIMARY_KEY, charsetIndex=63, charsetName=US-ASCII]
	com.mysql.jdbc.Field@1e0e91d3[catalog=prometion,tableName=role,originalTableName=role,columnName=rolename,originalColumnName=rolename,mysqlType=253(FIELD_TYPE_VAR_STRING),flags=, charsetIndex=33, charsetName=utf8]
	com.mysql.jdbc.Field@44dae8a9[catalog=prometion,tableName=role,originalTableName=role,columnName=roledis,originalColumnName=roledis,mysqlType=253(FIELD_TYPE_VAR_STRING),flags=, charsetIndex=33, charsetName=utf8]
	com.mysql.jdbc.Field@2f931e72[catalog=prometion,tableName=role,originalTableName=role,columnName=status,originalColumnName=status,mysqlType=3(FIELD_TYPE_LONG),flags=, charsetIndex=63, charsetName=US-ASCII]
[INFO] 2020-12-19 08:53:55.028  log4jdbc.log4j2.java - 5. ResultSet.getType() returned 1003
[INFO] 2020-12-19 08:53:55.028  log4jdbc.log4j2.java - 5. ResultSet.next() returned true
[INFO] 2020-12-19 08:53:55.029  log4jdbc.log4j2.java - 5. ResultSet.getInt(roleid) returned 7
[INFO] 2020-12-19 08:53:55.029  log4jdbc.log4j2.java - 5. ResultSet.getString(rolename) returned VVIP
[INFO] 2020-12-19 08:53:55.029  log4jdbc.log4j2.java - 5. ResultSet.getString(roledis) returned 啥都能干
[INFO] 2020-12-19 08:53:55.029  log4jdbc.log4j2.java - 5. ResultSet.getInt(status) returned 1
[INFO] 2020-12-19 08:53:55.029  log4jdbc.log4j2.java - 
|-------|---------|--------|-------|
|roleid |rolename |roledis |status |
|-------|---------|--------|-------|
|7      |VVIP     |啥都能干    |1      |
|-------|---------|--------|-------|

[INFO] 2020-12-19 08:53:55.029  log4jdbc.log4j2.java - 5. ResultSet.next() returned false
[INFO] 2020-12-19 08:53:55.029  log4jdbc.log4j2.java - 5. ResultSet.close() returned void
[INFO] 2020-12-19 08:53:55.029  log4jdbc.log4j2.java - 5. Connection.getMetaData() returned com.mysql.jdbc.JDBC4DatabaseMetaData@26bf8321
[INFO] 2020-12-19 08:53:55.029  log4jdbc.log4j2.java - 5. PreparedStatement.getMoreResults() returned false
[INFO] 2020-12-19 08:53:55.030  log4jdbc.log4j2.java - 5. PreparedStatement.getUpdateCount() returned -1
[INFO] 2020-12-19 08:53:55.030  log4jdbc.log4j2.java - 5. PreparedStatement.close() returned 
[INFO] 2020-12-19 08:53:55.030  log4jdbc.log4j2.java - 5. Connection.clearWarnings() returned 
[INFO] 2020-12-19 08:53:55.030  log4jdbc.log4j2.java - 5. Connection.isClosed() returned false
[INFO] 2020-12-19 08:53:55.032  log4jdbc.log4j2.java - 5. Connection.isClosed() returned false
[INFO] 2020-12-19 08:53:55.032  log4jdbc.log4j2.java - 5. Connection.getAutoCommit() returned true
[INFO] 2020-12-19 08:53:55.033  log4jdbc.log4j2.java - 5. Connection.getCatalog() returned prometion
[INFO] 2020-12-19 08:53:55.033  log4jdbc.log4j2.java - 5. PreparedStatement.new PreparedStatement returned 
[INFO] 2020-12-19 08:53:55.033  log4jdbc.log4j2.java - 5. Connection.prepareStatement(SELECT  rsid,rsdis,resources_fk,role_fk  FROM role_sources 
 
 WHERE (role_fk IN (?))) returned net.sf.log4jdbc.sql.jdbcapi.PreparedStatementSpy@23d45c40
[INFO] 2020-12-19 08:53:55.033  log4jdbc.log4j2.java - 5. PreparedStatement.setInt(1, 7) returned 
[INFO] 2020-12-19 08:53:55.033  log4jdbc.log4j2.java - 5. Connection.getAutoCommit() returned true
[INFO] 2020-12-19 08:53:55.033  log4jdbc.log4j2.java - 5. Connection.getAutoCommit() returned true
[INFO] 2020-12-19 08:53:55.035  log4jdbc.log4j2.java - 5. SELECT rsid,rsdis,resources_fk,role_fk FROM role_sources WHERE (role_fk IN (7))  {executed in 2 ms}
[INFO] 2020-12-19 08:53:55.035  log4jdbc.log4j2.java - 5. PreparedStatement.execute() returned true
[INFO] 2020-12-19 08:53:55.035  log4jdbc.log4j2.java - 5. ResultSet.new ResultSet returned 
[INFO] 2020-12-19 08:53:55.036  log4jdbc.log4j2.java - 5. PreparedStatement.getResultSet() returned net.sf.log4jdbc.sql.jdbcapi.ResultSetSpy@5eda5ecd
[INFO] 2020-12-19 08:53:55.036  log4jdbc.log4j2.java - 5. ResultSet.getMetaData() returned com.mysql.jdbc.ResultSetMetaData@4bac1e23 - Field level information: 
	com.mysql.jdbc.Field@3af9d5d7[catalog=prometion,tableName=role_sources,originalTableName=role_sources,columnName=rsid,originalColumnName=rsid,mysqlType=3(FIELD_TYPE_LONG),flags= AUTO_INCREMENT PRIMARY_KEY, charsetIndex=63, charsetName=US-ASCII]
	com.mysql.jdbc.Field@3b4eb894[catalog=prometion,tableName=role_sources,originalTableName=role_sources,columnName=rsdis,originalColumnName=rsdis,mysqlType=253(FIELD_TYPE_VAR_STRING),flags=, charsetIndex=33, charsetName=utf8]
	com.mysql.jdbc.Field@376eb506[catalog=prometion,tableName=role_sources,originalTableName=role_sources,columnName=resources_fk,originalColumnName=resources_fk,mysqlType=3(FIELD_TYPE_LONG),flags= MULTI_KEY, charsetIndex=63, charsetName=US-ASCII]
	com.mysql.jdbc.Field@1c98f8ce[catalog=prometion,tableName=role_sources,originalTableName=role_sources,columnName=role_fk,originalColumnName=role_fk,mysqlType=3(FIELD_TYPE_LONG),flags= MULTI_KEY, charsetIndex=63, charsetName=US-ASCII]
[INFO] 2020-12-19 08:53:55.036  log4jdbc.log4j2.java - 5. ResultSet.getType() returned 1003
[INFO] 2020-12-19 08:53:55.036  log4jdbc.log4j2.java - 5. ResultSet.next() returned true
[INFO] 2020-12-19 08:53:55.036  log4jdbc.log4j2.java - 5. ResultSet.getInt(rsid) returned 1
[INFO] 2020-12-19 08:53:55.036  log4jdbc.log4j2.java - 5. ResultSet.getString(rsdis) returned void
[INFO] 2020-12-19 08:53:55.037  log4jdbc.log4j2.java - 5. ResultSet.getInt(resources_fk) returned 1
[INFO] 2020-12-19 08:53:55.037  log4jdbc.log4j2.java - 5. ResultSet.getInt(role_fk) returned 7
[INFO] 2020-12-19 08:53:55.037  log4jdbc.log4j2.java - 
|-----|------|-------------|--------|
|rsid |rsdis |resources_fk |role_fk |
|-----|------|-------------|--------|
|1    |null  |1            |7       |
|-----|------|-------------|--------|

[INFO] 2020-12-19 08:53:55.037  log4jdbc.log4j2.java - 5. ResultSet.next() returned false
[INFO] 2020-12-19 08:53:55.037  log4jdbc.log4j2.java - 5. ResultSet.close() returned void
[INFO] 2020-12-19 08:53:55.037  log4jdbc.log4j2.java - 5. Connection.getMetaData() returned com.mysql.jdbc.JDBC4DatabaseMetaData@267f4e6c
[INFO] 2020-12-19 08:53:55.037  log4jdbc.log4j2.java - 5. PreparedStatement.getMoreResults() returned false
[INFO] 2020-12-19 08:53:55.037  log4jdbc.log4j2.java - 5. PreparedStatement.getUpdateCount() returned -1
[INFO] 2020-12-19 08:53:55.037  log4jdbc.log4j2.java - 5. PreparedStatement.close() returned 
[INFO] 2020-12-19 08:53:55.038  log4jdbc.log4j2.java - 5. Connection.clearWarnings() returned 
[INFO] 2020-12-19 08:53:55.038  log4jdbc.log4j2.java - 5. Connection.isClosed() returned false
[INFO] 2020-12-19 08:53:55.041  log4jdbc.log4j2.java - 5. Connection.isClosed() returned false
[INFO] 2020-12-19 08:53:55.041  log4jdbc.log4j2.java - 5. Connection.getAutoCommit() returned true
[INFO] 2020-12-19 08:53:55.042  log4jdbc.log4j2.java - 5. Connection.getCatalog() returned prometion
[INFO] 2020-12-19 08:53:55.042  log4jdbc.log4j2.java - 5. PreparedStatement.new PreparedStatement returned 
[INFO] 2020-12-19 08:53:55.042  log4jdbc.log4j2.java - 5. Connection.prepareStatement(SELECT  id,name,url,remark,pid,icon  FROM sources 
 
 WHERE (id IN (?))) returned net.sf.log4jdbc.sql.jdbcapi.PreparedStatementSpy@7784ab13
[INFO] 2020-12-19 08:53:55.043  log4jdbc.log4j2.java - 5. PreparedStatement.setInt(1, 1) returned 
[INFO] 2020-12-19 08:53:55.045  log4jdbc.log4j2.java - 5. Connection.getAutoCommit() returned true
[INFO] 2020-12-19 08:53:55.045  log4jdbc.log4j2.java - 5. Connection.getAutoCommit() returned true
[INFO] 2020-12-19 08:53:55.048  log4jdbc.log4j2.java - 5. SELECT id,name,url,remark,pid,icon FROM sources WHERE (id IN (1))  {executed in 3 ms}
[INFO] 2020-12-19 08:53:55.048  log4jdbc.log4j2.java - 5. PreparedStatement.execute() returned true
[INFO] 2020-12-19 08:53:55.048  log4jdbc.log4j2.java - 5. ResultSet.new ResultSet returned 
[INFO] 2020-12-19 08:53:55.049  log4jdbc.log4j2.java - 5. PreparedStatement.getResultSet() returned net.sf.log4jdbc.sql.jdbcapi.ResultSetSpy@289b061
[INFO] 2020-12-19 08:53:55.049  log4jdbc.log4j2.java - 5. ResultSet.getMetaData() returned com.mysql.jdbc.ResultSetMetaData@1c824463 - Field level information: 
	com.mysql.jdbc.Field@5e5d52d0[catalog=prometion,tableName=sources,originalTableName=sources,columnName=id,originalColumnName=id,mysqlType=3(FIELD_TYPE_LONG),flags= AUTO_INCREMENT PRIMARY_KEY, charsetIndex=63, charsetName=US-ASCII]
	com.mysql.jdbc.Field@c53b63b[catalog=prometion,tableName=sources,originalTableName=sources,columnName=name,originalColumnName=name,mysqlType=253(FIELD_TYPE_VAR_STRING),flags=, charsetIndex=33, charsetName=utf8]
	com.mysql.jdbc.Field@43961568[catalog=prometion,tableName=sources,originalTableName=sources,columnName=url,originalColumnName=url,mysqlType=253(FIELD_TYPE_VAR_STRING),flags=, charsetIndex=33, charsetName=utf8]
	com.mysql.jdbc.Field@4d39e025[catalog=prometion,tableName=sources,originalTableName=sources,columnName=remark,originalColumnName=remark,mysqlType=253(FIELD_TYPE_VAR_STRING),flags=, charsetIndex=33, charsetName=utf8]
	com.mysql.jdbc.Field@7946f080[catalog=prometion,tableName=sources,originalTableName=sources,columnName=pid,originalColumnName=pid,mysqlType=3(FIELD_TYPE_LONG),flags=, charsetIndex=63, charsetName=US-ASCII]
	com.mysql.jdbc.Field@68b563fd[catalog=prometion,tableName=sources,originalTableName=sources,columnName=icon,originalColumnName=icon,mysqlType=253(FIELD_TYPE_VAR_STRING),flags=, charsetIndex=33, charsetName=utf8]
[INFO] 2020-12-19 08:53:55.049  log4jdbc.log4j2.java - 5. ResultSet.getType() returned 1003
[INFO] 2020-12-19 08:53:55.049  log4jdbc.log4j2.java - 5. ResultSet.next() returned true
[INFO] 2020-12-19 08:53:55.049  log4jdbc.log4j2.java - 5. ResultSet.getInt(id) returned 1
[INFO] 2020-12-19 08:53:55.049  log4jdbc.log4j2.java - 5. ResultSet.getString(name) returned oa办公协同系统
[INFO] 2020-12-19 08:53:55.049  log4jdbc.log4j2.java - 5. ResultSet.getString(url) returned void
[INFO] 2020-12-19 08:53:55.049  log4jdbc.log4j2.java - 5. ResultSet.getString(remark) returned 系统名称
[INFO] 2020-12-19 08:53:55.049  log4jdbc.log4j2.java - 5. ResultSet.getInt(pid) returned 0
[INFO] 2020-12-19 08:53:55.049  log4jdbc.log4j2.java - 5. ResultSet.wasNull() returned true
[INFO] 2020-12-19 08:53:55.049  log4jdbc.log4j2.java - 5. ResultSet.getString(icon) returned void
[INFO] 2020-12-19 08:53:55.050  log4jdbc.log4j2.java - 
|---|---------|----|-------|-------|-----|
|id |name     |url |remark |pid    |icon |
|---|---------|----|-------|-------|-----|
|1  |oa办公协同系统 |null|系统名称   |[null] |null |
|---|---------|----|-------|-------|-----|

[INFO] 2020-12-19 08:53:55.050  log4jdbc.log4j2.java - 5. ResultSet.next() returned false
[INFO] 2020-12-19 08:53:55.050  log4jdbc.log4j2.java - 5. ResultSet.close() returned void
[INFO] 2020-12-19 08:53:55.050  log4jdbc.log4j2.java - 5. Connection.getMetaData() returned com.mysql.jdbc.JDBC4DatabaseMetaData@19c1e554
[INFO] 2020-12-19 08:53:55.050  log4jdbc.log4j2.java - 5. PreparedStatement.getMoreResults() returned false
[INFO] 2020-12-19 08:53:55.050  log4jdbc.log4j2.java - 5. PreparedStatement.getUpdateCount() returned -1
[INFO] 2020-12-19 08:53:55.050  log4jdbc.log4j2.java - 5. PreparedStatement.close() returned 
[INFO] 2020-12-19 08:53:55.050  log4jdbc.log4j2.java - 5. Connection.clearWarnings() returned 
[INFO] 2020-12-19 08:53:55.050  log4jdbc.log4j2.java - 5. Connection.isClosed() returned false
[INFO] 2020-12-19 08:53:55.169  io.lettuce.core.EpollProvider.java - Starting without optional epoll library
[INFO] 2020-12-19 08:53:55.170  io.lettuce.core.KqueueProvider.java - Starting without optional kqueue library
