[INFO] 2020-12-21 08:45:54.274  com.elltor.greenlandsystem.AppRun.java - Starting AppRun on LAPTOP-GQ45MDEJ with PID 13936 (D:\ProjectWorkSpace\greenland-oa\greenland-system\target\classes started by Admin in D:\ProjectWorkSpace\greenland-oa\greenland-system)
[INFO] 2020-12-21 08:45:54.278  com.elltor.greenlandsystem.AppRun.java - The following profiles are active: dev
[INFO] 2020-12-21 08:45:55.449  org.springframework.context.support.PostProcessorRegistrationDelegate$BeanPostProcessorChecker.java - Bean 'org.springframework.transaction.annotation.ProxyTransactionManagementConfiguration' of type [org.springframework.transaction.annotation.ProxyTransactionManagementConfiguration$$EnhancerBySpringCGLIB$$b6d7a088] is not eligible for getting processed by all BeanPostProcessors (for example: not eligible for auto-proxying)
[INFO] 2020-12-21 08:45:55.464  org.springframework.context.support.PostProcessorRegistrationDelegate$BeanPostProcessorChecker.java - Bean 'redisConfig' of type [com.elltor.greenlandcommon.config.RedisConfig$$EnhancerBySpringCGLIB$$9d7bff42] is not eligible for getting processed by all BeanPostProcessors (for example: not eligible for auto-proxying)
[INFO] 2020-12-21 08:45:55.742  org.springframework.boot.web.embedded.tomcat.TomcatWebServer.java - Tomcat initialized with port(s): 8000 (http)
[INFO] 2020-12-21 08:45:55.754  org.apache.coyote.http11.Http11NioProtocol.java - Initializing ProtocolHandler ["http-nio-8000"]
[INFO] 2020-12-21 08:45:55.758  org.apache.catalina.core.StandardService.java - Starting service [Tomcat]
[INFO] 2020-12-21 08:45:55.758  org.apache.catalina.core.StandardEngine.java - Starting Servlet Engine: Apache Tomcat/9.0.12
[INFO] 2020-12-21 08:45:55.763  org.apache.catalina.core.AprLifecycleListener.java - The APR based Apache Tomcat Native library which allows optimal performance in production environments was not found on the java.library.path: [D:\JDK\jdk1.8.0_231\bin;C:\WINDOWS\Sun\Java\bin;C:\WINDOWS\system32;C:\WINDOWS;D:\ProgrameFile\xftp7\;D:\ProgrameFile\xshell7\;C:\Program Files (x86)\Common Files\Intel\Shared Libraries\redist\intel64\compiler;C:\Program Files (x86)\Intel\Intel(R) Management Engine Components\iCLS\;C:\Program Files\Intel\Intel(R) Management Engine Components\iCLS\;C:\Windows\system32;C:\Windows;C:\Windows\System32\Wbem;C:\Windows\System32\WindowsPowerShell\v1.0\;C:\Program Files (x86)\Intel\Intel(R) Management Engine Components\DAL;C:\Program Files\Intel\Intel(R) Management Engine Components\DAL;C:\Program Files (x86)\Intel\Intel(R) Management Engine Components\IPT;C:\Program Files\Intel\Intel(R) Management Engine Components\IPT;C:\Program Files (x86)\NVIDIA Corporation\PhysX\Common;D:\ProgrameFile\JavaJdk\bin;D:\ProgrameFile\MySQL\bin;C:\WINDOWS\system32;C:\WINDOWS;C:\WINDOWS\System32\Wbem;C:\WINDOWS\System32\WindowsPowerShell\v1.0\;C:\WINDOWS\System32\OpenSSH\;C:\Program Files\NVIDIA Corporation\NVIDIA NvDLISR;C:\Program Files (x86)\Calibre2\;C:\Program Files\Git\cmd;D:\node-v12.13.1-win-x64;C:\ProgramData\chocolatey\bin;D:\nodejs\;D:\nodejs\node_global;D:\ProgrameFile\apache-maven-3.5.2\bin;D:\ProgrameFile\Redis-x64-3.2.100;D:\ProgrameFile\MinGW_C\MinGW\bin;D:\ProgrameFile\MinGW_C\MinGW\include;E:\programfile\runtime\win64;E:\programfile\bin;E:\programfile\polyspace\bin;C:\Users\Admin\AppData\Local\Microsoft\WindowsApps;C:\Users\Admin\AppData\Roaming\npm;C:\Users\Admin\AppData\Local\Microsoft\WindowsApps;D:\ProgrameFile\DataGrip 2019.3.1\bin;D:\ProgrameFile\Microsoft VS Code\bin;.]
[INFO] 2020-12-21 08:45:56.039  org.apache.jasper.servlet.TldScanner.java - At least one JAR was scanned for TLDs yet contained no TLDs. Enable debug logging for this logger for a complete list of JARs that were scanned but no TLDs were found in them. Skipping unneeded JARs during scanning can improve startup time and JSP compilation time.
[INFO] 2020-12-21 08:45:56.043  org.apache.catalina.core.ContainerBase.[Tomcat].[localhost].[/].java - Initializing Spring embedded WebApplicationContext
[INFO] 2020-12-21 08:45:56.043  org.springframework.web.context.ContextLoader.java - Root WebApplicationContext: initialization completed in 1692 ms
[INFO] 2020-12-21 08:45:56.101  org.springframework.boot.web.servlet.FilterRegistrationBean.java - Mapping filter: 'characterEncodingFilter' to: [/*]
[INFO] 2020-12-21 08:45:56.101  org.springframework.boot.web.servlet.FilterRegistrationBean.java - Mapping filter: 'hiddenHttpMethodFilter' to: [/*]
[INFO] 2020-12-21 08:45:56.101  org.springframework.boot.web.servlet.FilterRegistrationBean.java - Mapping filter: 'formContentFilter' to: [/*]
[INFO] 2020-12-21 08:45:56.102  org.springframework.boot.web.servlet.FilterRegistrationBean.java - Mapping filter: 'requestContextFilter' to: [/*]
[INFO] 2020-12-21 08:45:56.102  org.springframework.boot.web.servlet.DelegatingFilterProxyRegistrationBean.java - Mapping filter: 'springSecurityFilterChain' to: [/*]
[INFO] 2020-12-21 08:45:56.102  org.springframework.boot.web.servlet.FilterRegistrationBean.java - Mapping filter: 'webStatFilter' to urls: [/*]
[INFO] 2020-12-21 08:45:56.102  org.springframework.boot.web.servlet.FilterRegistrationBean.java - Mapping filter: 'securityGeneralFilter' to: [/*]
[INFO] 2020-12-21 08:45:56.102  org.springframework.boot.web.servlet.FilterRegistrationBean.java - Mapping filter: 'corsFilter' to: [/*]
[INFO] 2020-12-21 08:45:56.102  org.springframework.boot.web.servlet.ServletRegistrationBean.java - Servlet dispatcherServlet mapped to [/]
[INFO] 2020-12-21 08:45:56.103  org.springframework.boot.web.servlet.ServletRegistrationBean.java - Servlet statViewServlet mapped to [/druid/*]
[INFO] 2020-12-21 08:45:56.213  com.alibaba.druid.spring.boot.autoconfigure.DruidDataSourceAutoConfigure.java - Init DruidDataSource
[INFO] 2020-12-21 08:45:56.480  log4jdbc.log4j2.java - 1. Connection opened. {executed in 128ms} 
[INFO] 2020-12-21 08:45:56.480  log4jdbc.log4j2.java - 1. Connection.new Connection returned 
[INFO] 2020-12-21 08:45:56.482  log4jdbc.log4j2.java - 1. Connection.getAutoCommit() returned true
[INFO] 2020-12-21 08:45:56.482  log4jdbc.log4j2.java - 1. Connection.isClosed() returned false
[INFO] 2020-12-21 08:45:56.483  log4jdbc.log4j2.java - 1. Statement.new Statement returned 
[INFO] 2020-12-21 08:45:56.483  log4jdbc.log4j2.java - 1. Connection.createStatement() returned net.sf.log4jdbc.sql.jdbcapi.StatementSpy@55fee662
[INFO] 2020-12-21 08:45:56.484  log4jdbc.log4j2.java - 1. Connection.getAutoCommit() returned true
[INFO] 2020-12-21 08:45:56.488  log4jdbc.log4j2.java - 1. select 1  {executed in 1 ms}
[INFO] 2020-12-21 08:45:56.490  log4jdbc.log4j2.java - 1. ResultSet.new ResultSet returned 
[INFO] 2020-12-21 08:45:56.490  log4jdbc.log4j2.java - 1. Statement.executeQuery(select 1) returned net.sf.log4jdbc.sql.jdbcapi.ResultSetSpy@3bf54172
[INFO] 2020-12-21 08:45:56.492  log4jdbc.log4j2.java - 1. ResultSet.next() returned true
[INFO] 2020-12-21 08:45:56.493  log4jdbc.log4j2.java - 
|--|
|1 |
|--|
|--|

[INFO] 2020-12-21 08:45:56.493  log4jdbc.log4j2.java - 1. ResultSet.close() returned void
[INFO] 2020-12-21 08:45:56.493  log4jdbc.log4j2.java - 1. Statement.close() returned 
[INFO] 2020-12-21 08:45:56.493  log4jdbc.log4j2.java - 1. Connection.getAutoCommit() returned true
[INFO] 2020-12-21 08:45:56.494  log4jdbc.log4j2.java - 1. Connection.getHoldability() returned 2
[INFO] 2020-12-21 08:45:56.494  log4jdbc.log4j2.java - 1. Connection.isReadOnly() returned false
[INFO] 2020-12-21 08:45:56.495  log4jdbc.log4j2.java - 1. Connection.getTransactionIsolation() returned 4
[INFO] 2020-12-21 08:45:56.499  log4jdbc.log4j2.java - 2. Connection opened. {executed in 4ms} 
[INFO] 2020-12-21 08:45:56.499  log4jdbc.log4j2.java - 2. Connection.new Connection returned 
[INFO] 2020-12-21 08:45:56.500  log4jdbc.log4j2.java - 2. Connection.getAutoCommit() returned true
[INFO] 2020-12-21 08:45:56.500  log4jdbc.log4j2.java - 2. Connection.isClosed() returned false
[INFO] 2020-12-21 08:45:56.500  log4jdbc.log4j2.java - 2. Statement.new Statement returned 
[INFO] 2020-12-21 08:45:56.500  log4jdbc.log4j2.java - 2. Connection.createStatement() returned net.sf.log4jdbc.sql.jdbcapi.StatementSpy@46039a21
[INFO] 2020-12-21 08:45:56.500  log4jdbc.log4j2.java - 2. Connection.getAutoCommit() returned true
[INFO] 2020-12-21 08:45:56.500  log4jdbc.log4j2.java - 2. select 1  {executed in 0 ms}
[INFO] 2020-12-21 08:45:56.501  log4jdbc.log4j2.java - 2. ResultSet.new ResultSet returned 
[INFO] 2020-12-21 08:45:56.501  log4jdbc.log4j2.java - 2. Statement.executeQuery(select 1) returned net.sf.log4jdbc.sql.jdbcapi.ResultSetSpy@431e86b1
[INFO] 2020-12-21 08:45:56.501  log4jdbc.log4j2.java - 2. ResultSet.next() returned true
[INFO] 2020-12-21 08:45:56.501  log4jdbc.log4j2.java - 
|--|
|1 |
|--|
|--|

[INFO] 2020-12-21 08:45:56.501  log4jdbc.log4j2.java - 2. ResultSet.close() returned void
[INFO] 2020-12-21 08:45:56.501  log4jdbc.log4j2.java - 2. Statement.close() returned 
[INFO] 2020-12-21 08:45:56.501  log4jdbc.log4j2.java - 2. Connection.getAutoCommit() returned true
[INFO] 2020-12-21 08:45:56.501  log4jdbc.log4j2.java - 2. Connection.getHoldability() returned 2
[INFO] 2020-12-21 08:45:56.502  log4jdbc.log4j2.java - 2. Connection.isReadOnly() returned false
[INFO] 2020-12-21 08:45:56.502  log4jdbc.log4j2.java - 2. Connection.getTransactionIsolation() returned 4
[INFO] 2020-12-21 08:45:56.506  log4jdbc.log4j2.java - 3. Connection opened. {executed in 4ms} 
[INFO] 2020-12-21 08:45:56.506  log4jdbc.log4j2.java - 3. Connection.new Connection returned 
[INFO] 2020-12-21 08:45:56.507  log4jdbc.log4j2.java - 3. Connection.getAutoCommit() returned true
[INFO] 2020-12-21 08:45:56.507  log4jdbc.log4j2.java - 3. Connection.isClosed() returned false
[INFO] 2020-12-21 08:45:56.507  log4jdbc.log4j2.java - 3. Statement.new Statement returned 
[INFO] 2020-12-21 08:45:56.507  log4jdbc.log4j2.java - 3. Connection.createStatement() returned net.sf.log4jdbc.sql.jdbcapi.StatementSpy@6a9344f5
[INFO] 2020-12-21 08:45:56.507  log4jdbc.log4j2.java - 3. Connection.getAutoCommit() returned true
[INFO] 2020-12-21 08:45:56.507  log4jdbc.log4j2.java - 3. select 1  {executed in 0 ms}
[INFO] 2020-12-21 08:45:56.507  log4jdbc.log4j2.java - 3. ResultSet.new ResultSet returned 
[INFO] 2020-12-21 08:45:56.508  log4jdbc.log4j2.java - 3. Statement.executeQuery(select 1) returned net.sf.log4jdbc.sql.jdbcapi.ResultSetSpy@5584d9c6
[INFO] 2020-12-21 08:45:56.508  log4jdbc.log4j2.java - 3. ResultSet.next() returned true
[INFO] 2020-12-21 08:45:56.508  log4jdbc.log4j2.java - 
|--|
|1 |
|--|
|--|

[INFO] 2020-12-21 08:45:56.508  log4jdbc.log4j2.java - 3. ResultSet.close() returned void
[INFO] 2020-12-21 08:45:56.508  log4jdbc.log4j2.java - 3. Statement.close() returned 
[INFO] 2020-12-21 08:45:56.508  log4jdbc.log4j2.java - 3. Connection.getAutoCommit() returned true
[INFO] 2020-12-21 08:45:56.508  log4jdbc.log4j2.java - 3. Connection.getHoldability() returned 2
[INFO] 2020-12-21 08:45:56.509  log4jdbc.log4j2.java - 3. Connection.isReadOnly() returned false
[INFO] 2020-12-21 08:45:56.509  log4jdbc.log4j2.java - 3. Connection.getTransactionIsolation() returned 4
[INFO] 2020-12-21 08:45:56.513  log4jdbc.log4j2.java - 4. Connection opened. {executed in 4ms} 
[INFO] 2020-12-21 08:45:56.513  log4jdbc.log4j2.java - 4. Connection.new Connection returned 
[INFO] 2020-12-21 08:45:56.513  log4jdbc.log4j2.java - 4. Connection.getAutoCommit() returned true
[INFO] 2020-12-21 08:45:56.514  log4jdbc.log4j2.java - 4. Connection.isClosed() returned false
[INFO] 2020-12-21 08:45:56.514  log4jdbc.log4j2.java - 4. Statement.new Statement returned 
[INFO] 2020-12-21 08:45:56.514  log4jdbc.log4j2.java - 4. Connection.createStatement() returned net.sf.log4jdbc.sql.jdbcapi.StatementSpy@3234474
[INFO] 2020-12-21 08:45:56.514  log4jdbc.log4j2.java - 4. Connection.getAutoCommit() returned true
[INFO] 2020-12-21 08:45:56.514  log4jdbc.log4j2.java - 4. select 1  {executed in 0 ms}
[INFO] 2020-12-21 08:45:56.514  log4jdbc.log4j2.java - 4. ResultSet.new ResultSet returned 
[INFO] 2020-12-21 08:45:56.514  log4jdbc.log4j2.java - 4. Statement.executeQuery(select 1) returned net.sf.log4jdbc.sql.jdbcapi.ResultSetSpy@631cb129
[INFO] 2020-12-21 08:45:56.515  log4jdbc.log4j2.java - 4. ResultSet.next() returned true
[INFO] 2020-12-21 08:45:56.515  log4jdbc.log4j2.java - 
|--|
|1 |
|--|
|--|

[INFO] 2020-12-21 08:45:56.515  log4jdbc.log4j2.java - 4. ResultSet.close() returned void
[INFO] 2020-12-21 08:45:56.515  log4jdbc.log4j2.java - 4. Statement.close() returned 
[INFO] 2020-12-21 08:45:56.515  log4jdbc.log4j2.java - 4. Connection.getAutoCommit() returned true
[INFO] 2020-12-21 08:45:56.515  log4jdbc.log4j2.java - 4. Connection.getHoldability() returned 2
[INFO] 2020-12-21 08:45:56.516  log4jdbc.log4j2.java - 4. Connection.isReadOnly() returned false
[INFO] 2020-12-21 08:45:56.516  log4jdbc.log4j2.java - 4. Connection.getTransactionIsolation() returned 4
[INFO] 2020-12-21 08:45:56.520  log4jdbc.log4j2.java - 5. Connection opened. {executed in 4ms} 
[INFO] 2020-12-21 08:45:56.520  log4jdbc.log4j2.java - 5. Connection.new Connection returned 
[INFO] 2020-12-21 08:45:56.520  log4jdbc.log4j2.java - 5. Connection.getAutoCommit() returned true
[INFO] 2020-12-21 08:45:56.520  log4jdbc.log4j2.java - 5. Connection.isClosed() returned false
[INFO] 2020-12-21 08:45:56.521  log4jdbc.log4j2.java - 5. Statement.new Statement returned 
[INFO] 2020-12-21 08:45:56.521  log4jdbc.log4j2.java - 5. Connection.createStatement() returned net.sf.log4jdbc.sql.jdbcapi.StatementSpy@4130955c
[INFO] 2020-12-21 08:45:56.521  log4jdbc.log4j2.java - 5. Connection.getAutoCommit() returned true
[INFO] 2020-12-21 08:45:56.521  log4jdbc.log4j2.java - 5. select 1  {executed in 0 ms}
[INFO] 2020-12-21 08:45:56.521  log4jdbc.log4j2.java - 5. ResultSet.new ResultSet returned 
[INFO] 2020-12-21 08:45:56.521  log4jdbc.log4j2.java - 5. Statement.executeQuery(select 1) returned net.sf.log4jdbc.sql.jdbcapi.ResultSetSpy@2bfaba70
[INFO] 2020-12-21 08:45:56.521  log4jdbc.log4j2.java - 5. ResultSet.next() returned true
[INFO] 2020-12-21 08:45:56.522  log4jdbc.log4j2.java - 
|--|
|1 |
|--|
|--|

[INFO] 2020-12-21 08:45:56.522  log4jdbc.log4j2.java - 5. ResultSet.close() returned void
[INFO] 2020-12-21 08:45:56.522  log4jdbc.log4j2.java - 5. Statement.close() returned 
[INFO] 2020-12-21 08:45:56.522  log4jdbc.log4j2.java - 5. Connection.getAutoCommit() returned true
[INFO] 2020-12-21 08:45:56.522  log4jdbc.log4j2.java - 5. Connection.getHoldability() returned 2
[INFO] 2020-12-21 08:45:56.522  log4jdbc.log4j2.java - 5. Connection.isReadOnly() returned false
[INFO] 2020-12-21 08:45:56.523  log4jdbc.log4j2.java - 5. Connection.getTransactionIsolation() returned 4
[INFO] 2020-12-21 08:45:56.524  com.alibaba.druid.pool.DruidDataSource.java - {dataSource-1} inited
[INFO] 2020-12-21 08:45:57.561  org.springframework.beans.factory.annotation.AutowiredAnnotationBeanPostProcessor.java - Autowired annotation is not supported on static fields: public static java.lang.String com.elltor.greenlandcommon.config.bean.RsaProperties.privateKey
[INFO] 2020-12-21 08:45:57.890  org.springframework.security.web.DefaultSecurityFilterChain.java - Creating filter chain: any request, [org.springframework.security.web.context.request.async.WebAsyncManagerIntegrationFilter@5122e4bf, org.springframework.security.web.context.SecurityContextPersistenceFilter@75bd28d, org.springframework.security.web.header.HeaderWriterFilter@79252c83, org.springframework.security.web.authentication.logout.LogoutFilter@33324c05, com.elltor.greenlandsystem.modules.security.config.SecurityGeneralFilter@48904d5a, org.springframework.security.web.authentication.UsernamePasswordAuthenticationFilter@224d86d2, org.springframework.security.web.savedrequest.RequestCacheAwareFilter@11810917, org.springframework.security.web.servletapi.SecurityContextHolderAwareRequestFilter@49232c6f, org.springframework.security.web.authentication.AnonymousAuthenticationFilter@23e61112, org.springframework.security.web.session.SessionManagementFilter@509a6095, org.springframework.security.web.access.ExceptionTranslationFilter@50cdfafa, org.springframework.security.web.access.intercept.FilterSecurityInterceptor@4d4c1ba9]
[INFO] 2020-12-21 08:45:57.909  com.elltor.greenlandcommon.config.RedisConfig.java - 初始化 -> [Redis CacheErrorHandler]
[INFO] 2020-12-21 08:45:57.923  springfox.documentation.spring.web.PropertySourcedRequestMappingHandlerMapping.java - Mapped URL path [/v2/api-docs] onto method [public org.springframework.http.ResponseEntity<springfox.documentation.spring.web.json.Json> springfox.documentation.swagger2.web.Swagger2Controller.getDocumentation(java.lang.String,javax.servlet.http.HttpServletRequest)]
[INFO] 2020-12-21 08:45:58.071  org.springframework.scheduling.concurrent.ThreadPoolTaskExecutor.java - Initializing ExecutorService 'applicationTaskExecutor'
[INFO] 2020-12-21 08:45:58.168  org.springframework.boot.autoconfigure.web.servlet.WelcomePageHandlerMapping.java - Adding welcome page template: index
[INFO] 2020-12-21 08:45:58.345  springfox.documentation.spring.web.plugins.DocumentationPluginsBootstrapper.java - Context refreshed
[INFO] 2020-12-21 08:45:58.357  springfox.documentation.spring.web.plugins.DocumentationPluginsBootstrapper.java - Found 1 custom documentation plugin(s)
[INFO] 2020-12-21 08:45:58.380  springfox.documentation.spring.web.scanners.ApiListingReferenceScanner.java - Scanning for api listing references
[INFO] 2020-12-21 08:45:58.495  springfox.documentation.spring.web.readers.operation.CachingOperationNameGenerator.java - Generating unique operation named: updateUsingPOST_1
[INFO] 2020-12-21 08:45:58.516  springfox.documentation.spring.web.readers.operation.CachingOperationNameGenerator.java - Generating unique operation named: loginUsingPOST_1
[INFO] 2020-12-21 08:45:58.531  org.apache.coyote.http11.Http11NioProtocol.java - Starting ProtocolHandler ["http-nio-8000"]
[INFO] 2020-12-21 08:45:58.538  org.apache.tomcat.util.net.NioSelectorPool.java - Using a shared selector for servlet write/read
[INFO] 2020-12-21 08:45:58.556  org.springframework.boot.web.embedded.tomcat.TomcatWebServer.java - Tomcat started on port(s): 8000 (http) with context path ''
[INFO] 2020-12-21 08:45:58.558  com.elltor.greenlandsystem.AppRun.java - Started AppRun in 4.792 seconds (JVM running for 5.832)
[INFO] 2020-12-21 08:46:29.052  org.apache.catalina.core.ContainerBase.[Tomcat].[localhost].[/].java - Initializing Spring DispatcherServlet 'dispatcherServlet'
[INFO] 2020-12-21 08:46:29.052  org.springframework.web.servlet.DispatcherServlet.java - Initializing Servlet 'dispatcherServlet'
[INFO] 2020-12-21 08:46:29.058  org.springframework.web.servlet.DispatcherServlet.java - Completed initialization in 6 ms
[INFO] 2020-12-21 08:59:36.989  com.elltor.greenlandsystem.AppRun.java - Starting AppRun on LAPTOP-GQ45MDEJ with PID 19372 (D:\ProjectWorkSpace\greenland-oa\greenland-system\target\classes started by Admin in D:\ProjectWorkSpace\greenland-oa\greenland-system)
[INFO] 2020-12-21 08:59:36.992  com.elltor.greenlandsystem.AppRun.java - The following profiles are active: dev
[INFO] 2020-12-21 08:59:38.055  org.springframework.context.support.PostProcessorRegistrationDelegate$BeanPostProcessorChecker.java - Bean 'org.springframework.transaction.annotation.ProxyTransactionManagementConfiguration' of type [org.springframework.transaction.annotation.ProxyTransactionManagementConfiguration$$EnhancerBySpringCGLIB$$a0595e58] is not eligible for getting processed by all BeanPostProcessors (for example: not eligible for auto-proxying)
[INFO] 2020-12-21 08:59:38.071  org.springframework.context.support.PostProcessorRegistrationDelegate$BeanPostProcessorChecker.java - Bean 'redisConfig' of type [com.elltor.greenlandcommon.config.RedisConfig$$EnhancerBySpringCGLIB$$86fdbd12] is not eligible for getting processed by all BeanPostProcessors (for example: not eligible for auto-proxying)
[INFO] 2020-12-21 08:59:38.307  org.springframework.boot.web.embedded.tomcat.TomcatWebServer.java - Tomcat initialized with port(s): 8000 (http)
[INFO] 2020-12-21 08:59:38.316  org.apache.coyote.http11.Http11NioProtocol.java - Initializing ProtocolHandler ["http-nio-8000"]
[INFO] 2020-12-21 08:59:38.319  org.apache.catalina.core.StandardService.java - Starting service [Tomcat]
[INFO] 2020-12-21 08:59:38.320  org.apache.catalina.core.StandardEngine.java - Starting Servlet Engine: Apache Tomcat/9.0.12
[INFO] 2020-12-21 08:59:38.326  org.apache.catalina.core.AprLifecycleListener.java - The APR based Apache Tomcat Native library which allows optimal performance in production environments was not found on the java.library.path: [D:\JDK\jdk1.8.0_231\bin;C:\WINDOWS\Sun\Java\bin;C:\WINDOWS\system32;C:\WINDOWS;D:\ProgrameFile\xftp7\;D:\ProgrameFile\xshell7\;C:\Program Files (x86)\Common Files\Intel\Shared Libraries\redist\intel64\compiler;C:\Program Files (x86)\Intel\Intel(R) Management Engine Components\iCLS\;C:\Program Files\Intel\Intel(R) Management Engine Components\iCLS\;C:\Windows\system32;C:\Windows;C:\Windows\System32\Wbem;C:\Windows\System32\WindowsPowerShell\v1.0\;C:\Program Files (x86)\Intel\Intel(R) Management Engine Components\DAL;C:\Program Files\Intel\Intel(R) Management Engine Components\DAL;C:\Program Files (x86)\Intel\Intel(R) Management Engine Components\IPT;C:\Program Files\Intel\Intel(R) Management Engine Components\IPT;C:\Program Files (x86)\NVIDIA Corporation\PhysX\Common;D:\ProgrameFile\JavaJdk\bin;D:\ProgrameFile\MySQL\bin;C:\WINDOWS\system32;C:\WINDOWS;C:\WINDOWS\System32\Wbem;C:\WINDOWS\System32\WindowsPowerShell\v1.0\;C:\WINDOWS\System32\OpenSSH\;C:\Program Files\NVIDIA Corporation\NVIDIA NvDLISR;C:\Program Files (x86)\Calibre2\;C:\Program Files\Git\cmd;D:\node-v12.13.1-win-x64;C:\ProgramData\chocolatey\bin;D:\nodejs\;D:\nodejs\node_global;D:\ProgrameFile\apache-maven-3.5.2\bin;D:\ProgrameFile\Redis-x64-3.2.100;D:\ProgrameFile\MinGW_C\MinGW\bin;D:\ProgrameFile\MinGW_C\MinGW\include;E:\programfile\runtime\win64;E:\programfile\bin;E:\programfile\polyspace\bin;C:\Users\Admin\AppData\Local\Microsoft\WindowsApps;C:\Users\Admin\AppData\Roaming\npm;C:\Users\Admin\AppData\Local\Microsoft\WindowsApps;D:\ProgrameFile\DataGrip 2019.3.1\bin;D:\ProgrameFile\Microsoft VS Code\bin;.]
[INFO] 2020-12-21 08:59:38.571  org.apache.jasper.servlet.TldScanner.java - At least one JAR was scanned for TLDs yet contained no TLDs. Enable debug logging for this logger for a complete list of JARs that were scanned but no TLDs were found in them. Skipping unneeded JARs during scanning can improve startup time and JSP compilation time.
[INFO] 2020-12-21 08:59:38.574  org.apache.catalina.core.ContainerBase.[Tomcat].[localhost].[/].java - Initializing Spring embedded WebApplicationContext
[INFO] 2020-12-21 08:59:38.574  org.springframework.web.context.ContextLoader.java - Root WebApplicationContext: initialization completed in 1509 ms
[INFO] 2020-12-21 08:59:38.626  org.springframework.boot.web.servlet.FilterRegistrationBean.java - Mapping filter: 'characterEncodingFilter' to: [/*]
[INFO] 2020-12-21 08:59:38.626  org.springframework.boot.web.servlet.FilterRegistrationBean.java - Mapping filter: 'hiddenHttpMethodFilter' to: [/*]
[INFO] 2020-12-21 08:59:38.627  org.springframework.boot.web.servlet.FilterRegistrationBean.java - Mapping filter: 'formContentFilter' to: [/*]
[INFO] 2020-12-21 08:59:38.627  org.springframework.boot.web.servlet.FilterRegistrationBean.java - Mapping filter: 'requestContextFilter' to: [/*]
[INFO] 2020-12-21 08:59:38.627  org.springframework.boot.web.servlet.DelegatingFilterProxyRegistrationBean.java - Mapping filter: 'springSecurityFilterChain' to: [/*]
[INFO] 2020-12-21 08:59:38.627  org.springframework.boot.web.servlet.FilterRegistrationBean.java - Mapping filter: 'webStatFilter' to urls: [/*]
[INFO] 2020-12-21 08:59:38.627  org.springframework.boot.web.servlet.FilterRegistrationBean.java - Mapping filter: 'securityGeneralFilter' to: [/*]
[INFO] 2020-12-21 08:59:38.627  org.springframework.boot.web.servlet.FilterRegistrationBean.java - Mapping filter: 'corsFilter' to: [/*]
[INFO] 2020-12-21 08:59:38.627  org.springframework.boot.web.servlet.ServletRegistrationBean.java - Servlet dispatcherServlet mapped to [/]
[INFO] 2020-12-21 08:59:38.628  org.springframework.boot.web.servlet.ServletRegistrationBean.java - Servlet statViewServlet mapped to [/druid/*]
[INFO] 2020-12-21 08:59:38.730  com.alibaba.druid.spring.boot.autoconfigure.DruidDataSourceAutoConfigure.java - Init DruidDataSource
[INFO] 2020-12-21 08:59:38.959  log4jdbc.log4j2.java - 1. Connection opened. {executed in 108ms} 
[INFO] 2020-12-21 08:59:38.959  log4jdbc.log4j2.java - 1. Connection.new Connection returned 
[INFO] 2020-12-21 08:59:38.960  log4jdbc.log4j2.java - 1. Connection.getAutoCommit() returned true
[INFO] 2020-12-21 08:59:38.961  log4jdbc.log4j2.java - 1. Connection.isClosed() returned false
[INFO] 2020-12-21 08:59:38.961  log4jdbc.log4j2.java - 1. Statement.new Statement returned 
[INFO] 2020-12-21 08:59:38.962  log4jdbc.log4j2.java - 1. Connection.createStatement() returned net.sf.log4jdbc.sql.jdbcapi.StatementSpy@7f4701b1
[INFO] 2020-12-21 08:59:38.963  log4jdbc.log4j2.java - 1. Connection.getAutoCommit() returned true
[INFO] 2020-12-21 08:59:38.967  log4jdbc.log4j2.java - 1. select 1  {executed in 1 ms}
[INFO] 2020-12-21 08:59:38.970  log4jdbc.log4j2.java - 1. ResultSet.new ResultSet returned 
[INFO] 2020-12-21 08:59:38.970  log4jdbc.log4j2.java - 1. Statement.executeQuery(select 1) returned net.sf.log4jdbc.sql.jdbcapi.ResultSetSpy@46039a21
[INFO] 2020-12-21 08:59:38.972  log4jdbc.log4j2.java - 1. ResultSet.next() returned true
[INFO] 2020-12-21 08:59:38.973  log4jdbc.log4j2.java - 
|--|
|1 |
|--|
|--|

[INFO] 2020-12-21 08:59:38.973  log4jdbc.log4j2.java - 1. ResultSet.close() returned void
[INFO] 2020-12-21 08:59:38.973  log4jdbc.log4j2.java - 1. Statement.close() returned 
[INFO] 2020-12-21 08:59:38.973  log4jdbc.log4j2.java - 1. Connection.getAutoCommit() returned true
[INFO] 2020-12-21 08:59:38.974  log4jdbc.log4j2.java - 1. Connection.getHoldability() returned 2
[INFO] 2020-12-21 08:59:38.974  log4jdbc.log4j2.java - 1. Connection.isReadOnly() returned false
[INFO] 2020-12-21 08:59:38.975  log4jdbc.log4j2.java - 1. Connection.getTransactionIsolation() returned 4
[INFO] 2020-12-21 08:59:38.980  log4jdbc.log4j2.java - 2. Connection opened. {executed in 5ms} 
[INFO] 2020-12-21 08:59:38.980  log4jdbc.log4j2.java - 2. Connection.new Connection returned 
[INFO] 2020-12-21 08:59:38.980  log4jdbc.log4j2.java - 2. Connection.getAutoCommit() returned true
[INFO] 2020-12-21 08:59:38.980  log4jdbc.log4j2.java - 2. Connection.isClosed() returned false
[INFO] 2020-12-21 08:59:38.980  log4jdbc.log4j2.java - 2. Statement.new Statement returned 
[INFO] 2020-12-21 08:59:38.981  log4jdbc.log4j2.java - 2. Connection.createStatement() returned net.sf.log4jdbc.sql.jdbcapi.StatementSpy@1d4fb213
[INFO] 2020-12-21 08:59:38.981  log4jdbc.log4j2.java - 2. Connection.getAutoCommit() returned true
[INFO] 2020-12-21 08:59:38.981  log4jdbc.log4j2.java - 2. select 1  {executed in 0 ms}
[INFO] 2020-12-21 08:59:38.981  log4jdbc.log4j2.java - 2. ResultSet.new ResultSet returned 
[INFO] 2020-12-21 08:59:38.982  log4jdbc.log4j2.java - 2. Statement.executeQuery(select 1) returned net.sf.log4jdbc.sql.jdbcapi.ResultSetSpy@6ef60295
[INFO] 2020-12-21 08:59:38.982  log4jdbc.log4j2.java - 2. ResultSet.next() returned true
[INFO] 2020-12-21 08:59:38.982  log4jdbc.log4j2.java - 
|--|
|1 |
|--|
|--|

[INFO] 2020-12-21 08:59:38.982  log4jdbc.log4j2.java - 2. ResultSet.close() returned void
[INFO] 2020-12-21 08:59:38.982  log4jdbc.log4j2.java - 2. Statement.close() returned 
[INFO] 2020-12-21 08:59:38.982  log4jdbc.log4j2.java - 2. Connection.getAutoCommit() returned true
[INFO] 2020-12-21 08:59:38.982  log4jdbc.log4j2.java - 2. Connection.getHoldability() returned 2
[INFO] 2020-12-21 08:59:38.983  log4jdbc.log4j2.java - 2. Connection.isReadOnly() returned false
[INFO] 2020-12-21 08:59:38.983  log4jdbc.log4j2.java - 2. Connection.getTransactionIsolation() returned 4
[INFO] 2020-12-21 08:59:38.986  log4jdbc.log4j2.java - 3. Connection opened. {executed in 3ms} 
[INFO] 2020-12-21 08:59:38.987  log4jdbc.log4j2.java - 3. Connection.new Connection returned 
[INFO] 2020-12-21 08:59:38.987  log4jdbc.log4j2.java - 3. Connection.getAutoCommit() returned true
[INFO] 2020-12-21 08:59:38.987  log4jdbc.log4j2.java - 3. Connection.isClosed() returned false
[INFO] 2020-12-21 08:59:38.987  log4jdbc.log4j2.java - 3. Statement.new Statement returned 
[INFO] 2020-12-21 08:59:38.987  log4jdbc.log4j2.java - 3. Connection.createStatement() returned net.sf.log4jdbc.sql.jdbcapi.StatementSpy@2b4b96a4
[INFO] 2020-12-21 08:59:38.987  log4jdbc.log4j2.java - 3. Connection.getAutoCommit() returned true
[INFO] 2020-12-21 08:59:38.987  log4jdbc.log4j2.java - 3. select 1  {executed in 0 ms}
[INFO] 2020-12-21 08:59:38.988  log4jdbc.log4j2.java - 3. ResultSet.new ResultSet returned 
[INFO] 2020-12-21 08:59:38.988  log4jdbc.log4j2.java - 3. Statement.executeQuery(select 1) returned net.sf.log4jdbc.sql.jdbcapi.ResultSetSpy@2dd8ff1d
[INFO] 2020-12-21 08:59:38.988  log4jdbc.log4j2.java - 3. ResultSet.next() returned true
[INFO] 2020-12-21 08:59:38.988  log4jdbc.log4j2.java - 
|--|
|1 |
|--|
|--|

[INFO] 2020-12-21 08:59:38.988  log4jdbc.log4j2.java - 3. ResultSet.close() returned void
[INFO] 2020-12-21 08:59:38.988  log4jdbc.log4j2.java - 3. Statement.close() returned 
[INFO] 2020-12-21 08:59:38.988  log4jdbc.log4j2.java - 3. Connection.getAutoCommit() returned true
[INFO] 2020-12-21 08:59:38.988  log4jdbc.log4j2.java - 3. Connection.getHoldability() returned 2
[INFO] 2020-12-21 08:59:38.988  log4jdbc.log4j2.java - 3. Connection.isReadOnly() returned false
[INFO] 2020-12-21 08:59:38.989  log4jdbc.log4j2.java - 3. Connection.getTransactionIsolation() returned 4
[INFO] 2020-12-21 08:59:38.992  log4jdbc.log4j2.java - 4. Connection opened. {executed in 3ms} 
[INFO] 2020-12-21 08:59:38.992  log4jdbc.log4j2.java - 4. Connection.new Connection returned 
[INFO] 2020-12-21 08:59:38.992  log4jdbc.log4j2.java - 4. Connection.getAutoCommit() returned true
[INFO] 2020-12-21 08:59:38.992  log4jdbc.log4j2.java - 4. Connection.isClosed() returned false
[INFO] 2020-12-21 08:59:38.992  log4jdbc.log4j2.java - 4. Statement.new Statement returned 
[INFO] 2020-12-21 08:59:38.992  log4jdbc.log4j2.java - 4. Connection.createStatement() returned net.sf.log4jdbc.sql.jdbcapi.StatementSpy@9301672
[INFO] 2020-12-21 08:59:38.993  log4jdbc.log4j2.java - 4. Connection.getAutoCommit() returned true
[INFO] 2020-12-21 08:59:38.993  log4jdbc.log4j2.java - 4. select 1  {executed in 0 ms}
[INFO] 2020-12-21 08:59:38.993  log4jdbc.log4j2.java - 4. ResultSet.new ResultSet returned 
[INFO] 2020-12-21 08:59:38.993  log4jdbc.log4j2.java - 4. Statement.executeQuery(select 1) returned net.sf.log4jdbc.sql.jdbcapi.ResultSetSpy@4ceff87d
[INFO] 2020-12-21 08:59:38.993  log4jdbc.log4j2.java - 4. ResultSet.next() returned true
[INFO] 2020-12-21 08:59:38.993  log4jdbc.log4j2.java - 
|--|
|1 |
|--|
|--|

[INFO] 2020-12-21 08:59:38.994  log4jdbc.log4j2.java - 4. ResultSet.close() returned void
[INFO] 2020-12-21 08:59:38.994  log4jdbc.log4j2.java - 4. Statement.close() returned 
[INFO] 2020-12-21 08:59:38.994  log4jdbc.log4j2.java - 4. Connection.getAutoCommit() returned true
[INFO] 2020-12-21 08:59:38.994  log4jdbc.log4j2.java - 4. Connection.getHoldability() returned 2
[INFO] 2020-12-21 08:59:38.994  log4jdbc.log4j2.java - 4. Connection.isReadOnly() returned false
[INFO] 2020-12-21 08:59:38.995  log4jdbc.log4j2.java - 4. Connection.getTransactionIsolation() returned 4
[INFO] 2020-12-21 08:59:38.998  log4jdbc.log4j2.java - 5. Connection opened. {executed in 3ms} 
[INFO] 2020-12-21 08:59:38.998  log4jdbc.log4j2.java - 5. Connection.new Connection returned 
[INFO] 2020-12-21 08:59:38.998  log4jdbc.log4j2.java - 5. Connection.getAutoCommit() returned true
[INFO] 2020-12-21 08:59:38.998  log4jdbc.log4j2.java - 5. Connection.isClosed() returned false
[INFO] 2020-12-21 08:59:38.999  log4jdbc.log4j2.java - 5. Statement.new Statement returned 
[INFO] 2020-12-21 08:59:38.999  log4jdbc.log4j2.java - 5. Connection.createStatement() returned net.sf.log4jdbc.sql.jdbcapi.StatementSpy@3a6045c6
[INFO] 2020-12-21 08:59:38.999  log4jdbc.log4j2.java - 5. Connection.getAutoCommit() returned true
[INFO] 2020-12-21 08:59:38.999  log4jdbc.log4j2.java - 5. select 1  {executed in 0 ms}
[INFO] 2020-12-21 08:59:38.999  log4jdbc.log4j2.java - 5. ResultSet.new ResultSet returned 
[INFO] 2020-12-21 08:59:38.999  log4jdbc.log4j2.java - 5. Statement.executeQuery(select 1) returned net.sf.log4jdbc.sql.jdbcapi.ResultSetSpy@68d6d775
[INFO] 2020-12-21 08:59:39.000  log4jdbc.log4j2.java - 5. ResultSet.next() returned true
[INFO] 2020-12-21 08:59:39.000  log4jdbc.log4j2.java - 
|--|
|1 |
|--|
|--|

[INFO] 2020-12-21 08:59:39.000  log4jdbc.log4j2.java - 5. ResultSet.close() returned void
[INFO] 2020-12-21 08:59:39.000  log4jdbc.log4j2.java - 5. Statement.close() returned 
[INFO] 2020-12-21 08:59:39.000  log4jdbc.log4j2.java - 5. Connection.getAutoCommit() returned true
[INFO] 2020-12-21 08:59:39.000  log4jdbc.log4j2.java - 5. Connection.getHoldability() returned 2
[INFO] 2020-12-21 08:59:39.000  log4jdbc.log4j2.java - 5. Connection.isReadOnly() returned false
[INFO] 2020-12-21 08:59:39.001  log4jdbc.log4j2.java - 5. Connection.getTransactionIsolation() returned 4
[INFO] 2020-12-21 08:59:39.002  com.alibaba.druid.pool.DruidDataSource.java - {dataSource-1} inited
[INFO] 2020-12-21 08:59:40.038  org.springframework.beans.factory.annotation.AutowiredAnnotationBeanPostProcessor.java - Autowired annotation is not supported on static fields: public static java.lang.String com.elltor.greenlandcommon.config.bean.RsaProperties.privateKey
[INFO] 2020-12-21 08:59:40.369  org.springframework.security.web.DefaultSecurityFilterChain.java - Creating filter chain: any request, [org.springframework.security.web.context.request.async.WebAsyncManagerIntegrationFilter@226d5af0, org.springframework.security.web.context.SecurityContextPersistenceFilter@279126f5, org.springframework.security.web.header.HeaderWriterFilter@cbf1997, org.springframework.security.web.authentication.logout.LogoutFilter@7eb27768, com.elltor.greenlandsystem.modules.security.config.SecurityGeneralFilter@35e26d05, org.springframework.security.web.authentication.UsernamePasswordAuthenticationFilter@325162e9, org.springframework.security.web.savedrequest.RequestCacheAwareFilter@5fdd97c1, org.springframework.security.web.servletapi.SecurityContextHolderAwareRequestFilter@37d3e140, org.springframework.security.web.authentication.AnonymousAuthenticationFilter@527937d0, org.springframework.security.web.session.SessionManagementFilter@5faeeb56, org.springframework.security.web.access.ExceptionTranslationFilter@3ab595c8, org.springframework.security.web.access.intercept.FilterSecurityInterceptor@23e61112]
[INFO] 2020-12-21 08:59:40.376  com.elltor.greenlandcommon.config.RedisConfig.java - 初始化 -> [Redis CacheErrorHandler]
[INFO] 2020-12-21 08:59:40.391  springfox.documentation.spring.web.PropertySourcedRequestMappingHandlerMapping.java - Mapped URL path [/v2/api-docs] onto method [public org.springframework.http.ResponseEntity<springfox.documentation.spring.web.json.Json> springfox.documentation.swagger2.web.Swagger2Controller.getDocumentation(java.lang.String,javax.servlet.http.HttpServletRequest)]
[INFO] 2020-12-21 08:59:40.542  org.springframework.scheduling.concurrent.ThreadPoolTaskExecutor.java - Initializing ExecutorService 'applicationTaskExecutor'
[INFO] 2020-12-21 08:59:40.631  org.springframework.boot.autoconfigure.web.servlet.WelcomePageHandlerMapping.java - Adding welcome page template: index
[INFO] 2020-12-21 08:59:40.804  springfox.documentation.spring.web.plugins.DocumentationPluginsBootstrapper.java - Context refreshed
[INFO] 2020-12-21 08:59:40.816  springfox.documentation.spring.web.plugins.DocumentationPluginsBootstrapper.java - Found 1 custom documentation plugin(s)
[INFO] 2020-12-21 08:59:40.838  springfox.documentation.spring.web.scanners.ApiListingReferenceScanner.java - Scanning for api listing references
[INFO] 2020-12-21 08:59:40.960  springfox.documentation.spring.web.readers.operation.CachingOperationNameGenerator.java - Generating unique operation named: updateUsingPOST_1
[INFO] 2020-12-21 08:59:40.983  springfox.documentation.spring.web.readers.operation.CachingOperationNameGenerator.java - Generating unique operation named: loginUsingPOST_1
[INFO] 2020-12-21 08:59:40.999  org.apache.coyote.http11.Http11NioProtocol.java - Starting ProtocolHandler ["http-nio-8000"]
[INFO] 2020-12-21 08:59:41.007  org.apache.tomcat.util.net.NioSelectorPool.java - Using a shared selector for servlet write/read
[INFO] 2020-12-21 08:59:41.024  org.springframework.boot.web.embedded.tomcat.TomcatWebServer.java - Tomcat started on port(s): 8000 (http) with context path ''
[INFO] 2020-12-21 08:59:41.027  com.elltor.greenlandsystem.AppRun.java - Started AppRun in 4.637 seconds (JVM running for 5.563)
[INFO] 2020-12-21 08:59:45.021  org.apache.catalina.core.ContainerBase.[Tomcat].[localhost].[/].java - Initializing Spring DispatcherServlet 'dispatcherServlet'
[INFO] 2020-12-21 08:59:45.022  org.springframework.web.servlet.DispatcherServlet.java - Initializing Servlet 'dispatcherServlet'
[INFO] 2020-12-21 08:59:45.029  org.springframework.web.servlet.DispatcherServlet.java - Completed initialization in 7 ms
